TN:
SF:src/App.js
FN:7,(anonymous_0)
FN:12,(anonymous_1)
FN:20,(anonymous_2)
FN:25,(anonymous_3)
FNF:4
FNH:3
FNDA:2,(anonymous_0)
FNDA:2,(anonymous_1)
FNDA:0,(anonymous_2)
FNDA:2,(anonymous_3)
DA:8,2
DA:9,2
DA:13,2
DA:18,2
DA:21,0
DA:26,2
DA:27,0
DA:28,0
DA:33,0
DA:35,2
LF:10
LH:6
BRDA:26,0,0,0
BRDA:26,0,1,2
BRDA:27,1,0,0
BRDA:27,1,1,0
BRF:4
BRH:1
end_of_record
TN:
SF:src/PrivateRoutes.js
FN:6,PrivateRoute
FN:13,(anonymous_1)
FNF:2
FNH:0
FNDA:0,PrivateRoute
FNDA:0,(anonymous_1)
DA:7,0
DA:9,0
DA:10,0
DA:14,0
DA:19,0
LF:5
LH:0
BRDA:9,0,0,0
BRDA:9,0,1,0
BRDA:14,1,0,0
BRDA:14,1,1,0
BRF:4
BRH:0
end_of_record
TN:
SF:src/Router.js
FN:7,(anonymous_0)
FN:10,(anonymous_1)
FN:13,(anonymous_2)
FN:16,(anonymous_3)
FN:19,(anonymous_4)
FN:22,(anonymous_5)
FN:25,(anonymous_6)
FN:28,(anonymous_7)
FN:31,(anonymous_8)
FN:34,(anonymous_9)
FN:37,(anonymous_10)
FN:46,(anonymous_11)
FN:54,(anonymous_12)
FN:60,(anonymous_13)
FN:66,(anonymous_14)
FN:72,(anonymous_15)
FN:78,(anonymous_16)
FN:84,(anonymous_17)
FN:90,(anonymous_18)
FN:96,(anonymous_19)
FN:102,(anonymous_20)
FN:108,(anonymous_21)
FN:114,(anonymous_22)
FN:120,(anonymous_23)
FN:126,(anonymous_24)
FN:132,(anonymous_25)
FN:138,(anonymous_26)
FN:144,(anonymous_27)
FN:150,(anonymous_28)
FNF:29
FNH:0
FNDA:0,(anonymous_0)
FNDA:0,(anonymous_1)
FNDA:0,(anonymous_2)
FNDA:0,(anonymous_3)
FNDA:0,(anonymous_4)
FNDA:0,(anonymous_5)
FNDA:0,(anonymous_6)
FNDA:0,(anonymous_7)
FNDA:0,(anonymous_8)
FNDA:0,(anonymous_9)
FNDA:0,(anonymous_10)
FNDA:0,(anonymous_11)
FNDA:0,(anonymous_12)
FNDA:0,(anonymous_13)
FNDA:0,(anonymous_14)
FNDA:0,(anonymous_15)
FNDA:0,(anonymous_16)
FNDA:0,(anonymous_17)
FNDA:0,(anonymous_18)
FNDA:0,(anonymous_19)
FNDA:0,(anonymous_20)
FNDA:0,(anonymous_21)
FNDA:0,(anonymous_22)
FNDA:0,(anonymous_23)
FNDA:0,(anonymous_24)
FNDA:0,(anonymous_25)
FNDA:0,(anonymous_26)
FNDA:0,(anonymous_27)
FNDA:0,(anonymous_28)
DA:7,1
DA:8,0
DA:10,1
DA:11,0
DA:13,1
DA:14,0
DA:16,1
DA:17,0
DA:19,1
DA:20,0
DA:22,1
DA:23,0
DA:25,1
DA:26,0
DA:28,1
DA:29,0
DA:31,1
DA:32,0
DA:34,1
DA:35,0
DA:37,1
DA:38,0
DA:41,1
DA:46,1
DA:47,0
DA:48,0
DA:55,0
DA:61,0
DA:67,0
DA:73,0
DA:79,0
DA:85,0
DA:91,0
DA:97,0
DA:103,0
DA:109,0
DA:115,0
DA:121,0
DA:127,0
DA:133,0
DA:139,0
DA:145,0
DA:151,0
LF:43
LH:13
BRF:0
BRH:0
end_of_record
TN:
SF:src/serviceWorker.js
FN:23,register
FN:34,(anonymous_1)
FN:43,(anonymous_2)
FN:57,registerValidSW
FN:60,(anonymous_4)
FN:61,(anonymous_5)
FN:66,(anonymous_6)
FN:96,(anonymous_7)
FN:101,checkValidServiceWorker
FN:106,(anonymous_9)
FN:114,(anonymous_10)
FN:115,(anonymous_11)
FN:124,(anonymous_12)
FN:131,unregister
FN:134,(anonymous_14)
FN:137,(anonymous_15)
FNF:16
FNH:0
FNDA:0,register
FNDA:0,(anonymous_1)
FNDA:0,(anonymous_2)
FNDA:0,registerValidSW
FNDA:0,(anonymous_4)
FNDA:0,(anonymous_5)
FNDA:0,(anonymous_6)
FNDA:0,(anonymous_7)
FNDA:0,checkValidServiceWorker
FNDA:0,(anonymous_9)
FNDA:0,(anonymous_10)
FNDA:0,(anonymous_11)
FNDA:0,(anonymous_12)
FNDA:0,unregister
FNDA:0,(anonymous_14)
FNDA:0,(anonymous_15)
DA:13,0
DA:24,0
DA:26,0
DA:27,0
DA:31,0
DA:34,0
DA:35,0
DA:37,0
DA:39,0
DA:43,0
DA:44,0
DA:51,0
DA:58,0
DA:61,0
DA:62,0
DA:63,0
DA:64,0
DA:66,0
DA:67,0
DA:68,0
DA:72,0
DA:78,0
DA:79,0
DA:85,0
DA:88,0
DA:89,0
DA:97,0
DA:103,0
DA:108,0
DA:109,0
DA:114,0
DA:115,0
DA:116,0
DA:121,0
DA:125,0
DA:132,0
DA:133,0
DA:135,0
DA:138,0
LF:39
LH:0
BRDA:14,0,0,0
BRDA:14,0,1,0
BRDA:14,0,2,0
BRDA:24,1,0,0
BRDA:24,1,1,0
BRDA:24,2,0,0
BRDA:24,2,1,0
BRDA:27,3,0,0
BRDA:27,3,1,0
BRDA:37,4,0,0
BRDA:37,4,1,0
BRDA:63,5,0,0
BRDA:63,5,1,0
BRDA:67,6,0,0
BRDA:67,6,1,0
BRDA:68,7,0,0
BRDA:68,7,1,0
BRDA:78,8,0,0
BRDA:78,8,1,0
BRDA:78,9,0,0
BRDA:78,9,1,0
BRDA:88,10,0,0
BRDA:88,10,1,0
BRDA:88,11,0,0
BRDA:88,11,1,0
BRDA:109,12,0,0
BRDA:109,12,1,0
BRDA:110,13,0,0
BRDA:110,13,1,0
BRDA:110,13,2,0
BRDA:132,14,0,0
BRDA:132,14,1,0
BRF:32
BRH:0
end_of_record
TN:
SF:src/components/collections/containers/ActivitiesInfoContainer.js
FN:9,(anonymous_0)
FN:17,(anonymous_1)
FN:21,(anonymous_2)
FN:25,(anonymous_3)
FN:31,(anonymous_4)
FN:40,(anonymous_5)
FNF:6
FNH:3
FNDA:1,(anonymous_0)
FNDA:1,(anonymous_1)
FNDA:0,(anonymous_2)
FNDA:0,(anonymous_3)
FNDA:1,(anonymous_4)
FNDA:0,(anonymous_5)
DA:8,1
DA:10,1
DA:11,1
DA:14,1
DA:18,1
DA:22,0
DA:25,1
DA:26,0
DA:32,1
DA:40,0
LF:10
LH:7
BRDA:46,0,0,1
BRDA:46,0,1,0
BRDA:46,0,2,0
BRDA:46,0,3,0
BRDA:54,1,0,1
BRDA:54,1,1,0
BRDA:54,1,2,0
BRDA:54,1,3,0
BRDA:54,1,4,0
BRDA:54,1,5,0
BRDA:54,1,6,1
BRF:11
BRH:3
end_of_record
TN:
SF:src/components/collections/containers/CollectionContainer.js
FN:6,(anonymous_0)
FN:15,(anonymous_1)
FN:21,(anonymous_2)
FN:33,(anonymous_3)
FNF:4
FNH:2
FNDA:1,(anonymous_0)
FNDA:0,(anonymous_1)
FNDA:1,(anonymous_2)
FNDA:0,(anonymous_3)
DA:7,1
DA:8,1
DA:9,1
DA:12,1
DA:15,1
DA:16,0
DA:23,1
DA:33,0
LF:8
LH:6
BRF:0
BRH:0
end_of_record
TN:
SF:src/components/collections/containers/CompetenciesInfoContainer.js
FN:9,(anonymous_0)
FN:17,(anonymous_1)
FN:21,(anonymous_2)
FN:25,(anonymous_3)
FN:31,(anonymous_4)
FN:40,(anonymous_5)
FNF:6
FNH:3
FNDA:1,(anonymous_0)
FNDA:1,(anonymous_1)
FNDA:0,(anonymous_2)
FNDA:0,(anonymous_3)
FNDA:1,(anonymous_4)
FNDA:0,(anonymous_5)
DA:8,1
DA:10,1
DA:11,1
DA:14,1
DA:18,1
DA:22,0
DA:25,1
DA:26,0
DA:32,1
DA:40,0
LF:10
LH:7
BRDA:46,0,0,1
BRDA:46,0,1,0
BRDA:46,0,2,0
BRDA:46,0,3,0
BRDA:54,1,0,1
BRDA:54,1,1,0
BRDA:54,1,2,0
BRDA:54,1,3,0
BRDA:54,1,4,0
BRDA:54,1,5,0
BRDA:54,1,6,1
BRF:11
BRH:3
end_of_record
TN:
SF:src/components/collections/containers/KnowledgeInfoContainer.js
FN:9,(anonymous_0)
FN:17,(anonymous_1)
FN:21,(anonymous_2)
FN:25,(anonymous_3)
FN:31,(anonymous_4)
FN:40,(anonymous_5)
FNF:6
FNH:3
FNDA:1,(anonymous_0)
FNDA:1,(anonymous_1)
FNDA:0,(anonymous_2)
FNDA:0,(anonymous_3)
FNDA:1,(anonymous_4)
FNDA:0,(anonymous_5)
DA:8,1
DA:10,1
DA:11,1
DA:14,1
DA:18,1
DA:22,0
DA:25,1
DA:26,0
DA:32,1
DA:40,0
LF:10
LH:7
BRDA:43,0,0,1
BRDA:43,0,1,0
BRDA:43,0,2,0
BRDA:43,0,3,0
BRDA:51,1,0,1
BRDA:51,1,1,0
BRDA:51,1,2,0
BRDA:51,1,3,0
BRDA:51,1,4,0
BRDA:51,1,5,0
BRDA:51,1,6,1
BRF:11
BRH:3
end_of_record
TN:
SF:src/components/collections/containers/PositionInfoContainer.js
FN:11,(anonymous_0)
FN:21,(anonymous_1)
FN:26,(anonymous_2)
FN:30,(anonymous_3)
FN:36,(anonymous_4)
FN:37,(anonymous_5)
FN:48,(anonymous_6)
FN:57,(anonymous_7)
FNF:8
FNH:0
FNDA:0,(anonymous_0)
FNDA:0,(anonymous_1)
FNDA:0,(anonymous_2)
FNDA:0,(anonymous_3)
FNDA:0,(anonymous_4)
FNDA:0,(anonymous_5)
FNDA:0,(anonymous_6)
FNDA:0,(anonymous_7)
DA:10,0
DA:12,0
DA:13,0
DA:17,0
DA:18,0
DA:22,0
DA:23,0
DA:27,0
DA:30,0
DA:31,0
DA:36,0
DA:37,0
DA:38,0
DA:39,0
DA:43,0
DA:49,0
DA:57,0
LF:17
LH:0
BRDA:38,0,0,0
BRDA:38,0,1,0
BRDA:38,1,0,0
BRDA:38,1,1,0
BRDA:43,2,0,0
BRDA:43,2,1,0
BRDA:63,3,0,0
BRDA:63,3,1,0
BRDA:63,3,2,0
BRDA:63,3,3,0
BRDA:73,4,0,0
BRDA:73,4,1,0
BRDA:73,4,2,0
BRDA:73,4,3,0
BRDA:73,4,4,0
BRDA:73,4,5,0
BRDA:73,4,6,0
BRF:17
BRH:0
end_of_record
TN:
SF:src/components/collections/containers/RolesInfoContainer.js
FN:9,(anonymous_0)
FN:17,(anonymous_1)
FN:21,(anonymous_2)
FN:25,(anonymous_3)
FN:31,(anonymous_4)
FN:40,(anonymous_5)
FNF:6
FNH:3
FNDA:1,(anonymous_0)
FNDA:1,(anonymous_1)
FNDA:0,(anonymous_2)
FNDA:0,(anonymous_3)
FNDA:1,(anonymous_4)
FNDA:0,(anonymous_5)
DA:8,1
DA:10,1
DA:11,1
DA:14,1
DA:18,1
DA:22,0
DA:25,1
DA:26,0
DA:32,1
DA:40,0
LF:10
LH:7
BRDA:43,0,0,1
BRDA:43,0,1,0
BRDA:43,0,2,0
BRDA:43,0,3,0
BRDA:51,1,0,1
BRDA:51,1,1,0
BRDA:51,1,2,0
BRDA:51,1,3,0
BRDA:51,1,4,0
BRDA:51,1,5,0
BRDA:51,1,6,1
BRF:11
BRH:3
end_of_record
TN:
SF:src/components/collections/containers/common/HeaderSection.js
FN:14,(anonymous_0)
FN:17,(anonymous_1)
FN:21,(anonymous_2)
FN:48,(anonymous_3)
FN:52,(anonymous_4)
FNF:5
FNH:2
FNDA:1,(anonymous_0)
FNDA:0,(anonymous_1)
FNDA:0,(anonymous_2)
FNDA:0,(anonymous_3)
FNDA:1,(anonymous_4)
DA:12,1
DA:15,1
DA:17,1
DA:18,0
DA:19,0
DA:22,0
DA:26,0
DA:28,0
DA:30,0
DA:31,0
DA:34,0
DA:35,0
DA:36,0
DA:37,0
DA:39,0
DA:49,0
DA:53,1
LF:17
LH:4
BRDA:18,0,0,0
BRDA:18,0,1,0
BRDA:22,1,0,0
BRDA:22,1,1,0
BRDA:23,2,0,0
BRDA:23,2,1,0
BRDA:35,3,0,0
BRDA:35,3,1,0
BRDA:36,4,0,0
BRDA:36,4,1,0
BRF:10
BRH:0
end_of_record
TN:
SF:src/components/collections/views/activities/ColumnThree.js
FN:10,(anonymous_0)
FN:101,(anonymous_1)
FN:108,(anonymous_2)
FN:125,(anonymous_3)
FN:138,(anonymous_4)
FN:149,(anonymous_5)
FN:159,(anonymous_6)
FN:168,(anonymous_7)
FN:211,(anonymous_8)
FN:254,(anonymous_9)
FN:297,(anonymous_10)
FN:341,(anonymous_11)
FN:385,(anonymous_12)
FN:429,(anonymous_13)
FN:451,(anonymous_14)
FN:460,(anonymous_15)
FN:504,(anonymous_16)
FN:513,(anonymous_17)
FN:540,(anonymous_18)
FN:549,(anonymous_19)
FN:583,(anonymous_20)
FN:604,(anonymous_21)
FN:605,(anonymous_22)
FN:622,(anonymous_23)
FN:638,(anonymous_24)
FN:640,(anonymous_25)
FN:641,(anonymous_26)
FN:650,(anonymous_27)
FN:683,(anonymous_28)
FN:699,(anonymous_29)
FN:728,(anonymous_30)
FN:754,(anonymous_31)
FN:755,(anonymous_32)
FN:764,(anonymous_33)
FN:765,(anonymous_34)
FN:777,(anonymous_35)
FN:778,(anonymous_36)
FN:787,(anonymous_37)
FN:788,(anonymous_38)
FN:803,(anonymous_39)
FN:804,(anonymous_40)
FN:813,(anonymous_41)
FN:814,(anonymous_42)
FN:826,(anonymous_43)
FN:828,(anonymous_44)
FN:829,(anonymous_45)
FN:839,(anonymous_46)
FN:840,(anonymous_47)
FN:865,(anonymous_48)
FN:867,(anonymous_49)
FN:868,(anonymous_50)
FN:878,(anonymous_51)
FN:879,(anonymous_52)
FN:904,(anonymous_53)
FN:911,(anonymous_54)
FN:931,(anonymous_55)
FN:940,(anonymous_56)
FN:947,(anonymous_57)
FN:965,(anonymous_58)
FN:974,(anonymous_59)
FN:975,(anonymous_60)
FN:989,(anonymous_61)
FN:990,(anonymous_62)
FN:1004,(anonymous_63)
FN:1005,(anonymous_64)
FN:1020,(anonymous_65)
FN:1028,(anonymous_66)
FN:1038,(anonymous_67)
FN:1050,(anonymous_68)
FN:1051,(anonymous_69)
FN:1079,(anonymous_70)
FN:1082,(anonymous_71)
FN:1091,(anonymous_72)
FN:1092,(anonymous_73)
FN:1103,(anonymous_74)
FN:1111,(anonymous_75)
FN:1118,(anonymous_76)
FN:1119,(anonymous_77)
FN:1133,(anonymous_78)
FN:1140,(anonymous_79)
FN:1150,(anonymous_80)
FN:1151,(anonymous_81)
FN:1164,(anonymous_82)
FN:1172,(anonymous_83)
FN:1173,(anonymous_84)
FN:1188,(anonymous_85)
FN:1199,(anonymous_86)
FN:1206,(anonymous_87)
FN:1215,(anonymous_88)
FN:1216,(anonymous_89)
FN:1229,(anonymous_90)
FN:1230,(anonymous_91)
FN:1249,(anonymous_92)
FN:1252,(anonymous_93)
FN:1256,(anonymous_94)
FN:1258,(anonymous_95)
FN:1273,(anonymous_96)
FN:1317,(anonymous_97)
FN:1356,(anonymous_98)
FN:1474,(anonymous_99)
FN:1477,(anonymous_100)
FN:1489,(anonymous_101)
FN:1492,(anonymous_102)
FN:1504,(anonymous_103)
FN:1507,(anonymous_104)
FN:1519,(anonymous_105)
FN:1522,(anonymous_106)
FN:1534,(anonymous_107)
FN:1537,(anonymous_108)
FN:1550,(anonymous_109)
FN:1562,(anonymous_110)
FN:1606,(anonymous_111)
FN:1639,(anonymous_112)
FN:1683,(anonymous_113)
FN:1737,(anonymous_114)
FN:1798,(anonymous_115)
FN:1823,(anonymous_116)
FN:1869,(anonymous_117)
FN:1874,(anonymous_118)
FN:1886,(anonymous_119)
FN:1923,(anonymous_120)
FN:1928,(anonymous_121)
FN:1940,(anonymous_122)
FN:1983,(anonymous_123)
FN:1988,(anonymous_124)
FN:2032,(anonymous_125)
FN:2044,(anonymous_126)
FN:2109,(anonymous_127)
FN:2130,(anonymous_128)
FN:2372,(anonymous_129)
FN:2377,(anonymous_130)
FN:2395,(anonymous_131)
FN:2404,(anonymous_132)
FN:2430,(anonymous_133)
FN:2488,(anonymous_134)
FN:2493,(anonymous_135)
FN:2511,(anonymous_136)
FN:2522,(anonymous_137)
FN:2536,(anonymous_138)
FN:2600,(anonymous_139)
FN:2605,(anonymous_140)
FN:2623,(anonymous_141)
FN:2659,(anonymous_142)
FN:2708,(anonymous_143)
FN:2713,(anonymous_144)
FN:2731,(anonymous_145)
FN:2740,(anonymous_146)
FNF:147
FNH:5
FNDA:1,(anonymous_0)
FNDA:1,(anonymous_1)
FNDA:1,(anonymous_2)
FNDA:0,(anonymous_3)
FNDA:0,(anonymous_4)
FNDA:0,(anonymous_5)
FNDA:0,(anonymous_6)
FNDA:0,(anonymous_7)
FNDA:0,(anonymous_8)
FNDA:0,(anonymous_9)
FNDA:0,(anonymous_10)
FNDA:0,(anonymous_11)
FNDA:0,(anonymous_12)
FNDA:0,(anonymous_13)
FNDA:0,(anonymous_14)
FNDA:0,(anonymous_15)
FNDA:0,(anonymous_16)
FNDA:0,(anonymous_17)
FNDA:0,(anonymous_18)
FNDA:0,(anonymous_19)
FNDA:0,(anonymous_20)
FNDA:0,(anonymous_21)
FNDA:0,(anonymous_22)
FNDA:0,(anonymous_23)
FNDA:0,(anonymous_24)
FNDA:0,(anonymous_25)
FNDA:0,(anonymous_26)
FNDA:0,(anonymous_27)
FNDA:0,(anonymous_28)
FNDA:0,(anonymous_29)
FNDA:0,(anonymous_30)
FNDA:0,(anonymous_31)
FNDA:0,(anonymous_32)
FNDA:0,(anonymous_33)
FNDA:0,(anonymous_34)
FNDA:0,(anonymous_35)
FNDA:0,(anonymous_36)
FNDA:0,(anonymous_37)
FNDA:0,(anonymous_38)
FNDA:0,(anonymous_39)
FNDA:0,(anonymous_40)
FNDA:0,(anonymous_41)
FNDA:0,(anonymous_42)
FNDA:0,(anonymous_43)
FNDA:0,(anonymous_44)
FNDA:0,(anonymous_45)
FNDA:0,(anonymous_46)
FNDA:0,(anonymous_47)
FNDA:0,(anonymous_48)
FNDA:0,(anonymous_49)
FNDA:0,(anonymous_50)
FNDA:0,(anonymous_51)
FNDA:0,(anonymous_52)
FNDA:0,(anonymous_53)
FNDA:0,(anonymous_54)
FNDA:0,(anonymous_55)
FNDA:0,(anonymous_56)
FNDA:0,(anonymous_57)
FNDA:0,(anonymous_58)
FNDA:0,(anonymous_59)
FNDA:0,(anonymous_60)
FNDA:0,(anonymous_61)
FNDA:0,(anonymous_62)
FNDA:0,(anonymous_63)
FNDA:0,(anonymous_64)
FNDA:0,(anonymous_65)
FNDA:0,(anonymous_66)
FNDA:0,(anonymous_67)
FNDA:0,(anonymous_68)
FNDA:0,(anonymous_69)
FNDA:0,(anonymous_70)
FNDA:0,(anonymous_71)
FNDA:0,(anonymous_72)
FNDA:0,(anonymous_73)
FNDA:0,(anonymous_74)
FNDA:0,(anonymous_75)
FNDA:0,(anonymous_76)
FNDA:0,(anonymous_77)
FNDA:0,(anonymous_78)
FNDA:0,(anonymous_79)
FNDA:0,(anonymous_80)
FNDA:0,(anonymous_81)
FNDA:0,(anonymous_82)
FNDA:0,(anonymous_83)
FNDA:0,(anonymous_84)
FNDA:0,(anonymous_85)
FNDA:0,(anonymous_86)
FNDA:0,(anonymous_87)
FNDA:0,(anonymous_88)
FNDA:0,(anonymous_89)
FNDA:0,(anonymous_90)
FNDA:0,(anonymous_91)
FNDA:0,(anonymous_92)
FNDA:0,(anonymous_93)
FNDA:0,(anonymous_94)
FNDA:0,(anonymous_95)
FNDA:1,(anonymous_96)
FNDA:0,(anonymous_97)
FNDA:2,(anonymous_98)
FNDA:0,(anonymous_99)
FNDA:0,(anonymous_100)
FNDA:0,(anonymous_101)
FNDA:0,(anonymous_102)
FNDA:0,(anonymous_103)
FNDA:0,(anonymous_104)
FNDA:0,(anonymous_105)
FNDA:0,(anonymous_106)
FNDA:0,(anonymous_107)
FNDA:0,(anonymous_108)
FNDA:0,(anonymous_109)
FNDA:0,(anonymous_110)
FNDA:0,(anonymous_111)
FNDA:0,(anonymous_112)
FNDA:0,(anonymous_113)
FNDA:0,(anonymous_114)
FNDA:0,(anonymous_115)
FNDA:0,(anonymous_116)
FNDA:0,(anonymous_117)
FNDA:0,(anonymous_118)
FNDA:0,(anonymous_119)
FNDA:0,(anonymous_120)
FNDA:0,(anonymous_121)
FNDA:0,(anonymous_122)
FNDA:0,(anonymous_123)
FNDA:0,(anonymous_124)
FNDA:0,(anonymous_125)
FNDA:0,(anonymous_126)
FNDA:0,(anonymous_127)
FNDA:0,(anonymous_128)
FNDA:0,(anonymous_129)
FNDA:0,(anonymous_130)
FNDA:0,(anonymous_131)
FNDA:0,(anonymous_132)
FNDA:0,(anonymous_133)
FNDA:0,(anonymous_134)
FNDA:0,(anonymous_135)
FNDA:0,(anonymous_136)
FNDA:0,(anonymous_137)
FNDA:0,(anonymous_138)
FNDA:0,(anonymous_139)
FNDA:0,(anonymous_140)
FNDA:0,(anonymous_141)
FNDA:0,(anonymous_142)
FNDA:0,(anonymous_143)
FNDA:0,(anonymous_144)
FNDA:0,(anonymous_145)
FNDA:0,(anonymous_146)
DA:11,1
DA:12,1
DA:61,1
DA:62,1
DA:63,1
DA:64,1
DA:65,1
DA:66,1
DA:67,1
DA:68,1
DA:69,1
DA:70,1
DA:71,1
DA:72,1
DA:73,1
DA:74,1
DA:75,1
DA:76,1
DA:77,1
DA:78,1
DA:79,1
DA:80,1
DA:81,1
DA:82,1
DA:83,1
DA:84,1
DA:85,1
DA:86,1
DA:87,1
DA:88,1
DA:89,1
DA:90,1
DA:91,1
DA:92,1
DA:93,1
DA:94,1
DA:95,1
DA:96,1
DA:97,1
DA:98,1
DA:102,1
DA:103,1
DA:104,1
DA:109,1
DA:110,0
DA:111,0
DA:113,0
DA:114,0
DA:115,0
DA:116,0
DA:122,1
DA:123,0
DA:126,0
DA:127,0
DA:132,0
DA:138,1
DA:139,0
DA:149,1
DA:150,0
DA:151,0
DA:160,0
DA:168,1
DA:170,0
DA:171,0
DA:175,0
DA:181,0
DA:183,0
DA:184,0
DA:190,0
DA:191,0
DA:193,0
DA:196,0
DA:197,0
DA:200,0
DA:201,0
DA:202,0
DA:203,0
DA:204,0
DA:206,0
DA:211,1
DA:213,0
DA:214,0
DA:218,0
DA:224,0
DA:226,0
DA:227,0
DA:233,0
DA:234,0
DA:236,0
DA:239,0
DA:240,0
DA:243,0
DA:244,0
DA:245,0
DA:246,0
DA:247,0
DA:249,0
DA:254,1
DA:256,0
DA:257,0
DA:261,0
DA:267,0
DA:269,0
DA:270,0
DA:276,0
DA:277,0
DA:279,0
DA:282,0
DA:283,0
DA:286,0
DA:287,0
DA:288,0
DA:289,0
DA:290,0
DA:292,0
DA:297,1
DA:300,0
DA:301,0
DA:305,0
DA:311,0
DA:313,0
DA:314,0
DA:320,0
DA:321,0
DA:323,0
DA:326,0
DA:327,0
DA:330,0
DA:331,0
DA:332,0
DA:333,0
DA:334,0
DA:336,0
DA:341,1
DA:344,0
DA:345,0
DA:349,0
DA:355,0
DA:357,0
DA:358,0
DA:364,0
DA:365,0
DA:367,0
DA:370,0
DA:371,0
DA:374,0
DA:375,0
DA:376,0
DA:377,0
DA:378,0
DA:380,0
DA:385,1
DA:388,0
DA:389,0
DA:393,0
DA:399,0
DA:401,0
DA:402,0
DA:408,0
DA:409,0
DA:411,0
DA:414,0
DA:415,0
DA:418,0
DA:419,0
DA:420,0
DA:421,0
DA:422,0
DA:424,0
DA:429,1
DA:431,0
DA:434,0
DA:438,0
DA:442,0
DA:451,0
DA:452,0
DA:456,0
DA:461,0
DA:470,0
DA:474,0
DA:477,0
DA:478,0
DA:486,0
DA:490,0
DA:494,0
DA:503,0
DA:505,0
DA:509,0
DA:514,0
DA:523,0
DA:528,0
DA:531,0
DA:532,0
DA:540,1
DA:541,0
DA:549,1
DA:550,0
DA:551,0
DA:555,0
DA:556,0
DA:563,0
DA:572,0
DA:573,0
DA:576,0
DA:583,0
DA:584,0
DA:588,0
DA:589,0
DA:591,0
DA:594,0
DA:605,0
DA:606,0
DA:607,0
DA:612,0
DA:621,0
DA:622,0
DA:623,0
DA:630,0
DA:634,0
DA:638,1
DA:639,0
DA:640,0
DA:641,0
DA:642,0
DA:646,0
DA:651,0
DA:656,0
DA:657,0
DA:661,0
DA:668,0
DA:673,0
DA:683,1
DA:684,0
DA:685,0
DA:687,0
DA:689,0
DA:690,0
DA:692,0
DA:700,0
DA:706,0
DA:710,0
DA:716,0
DA:721,0
DA:729,0
DA:735,0
DA:739,0
DA:745,0
DA:747,0
DA:750,0
DA:754,1
DA:755,0
DA:756,0
DA:760,0
DA:763,0
DA:764,0
DA:765,0
DA:768,0
DA:772,0
DA:777,1
DA:778,0
DA:779,0
DA:783,0
DA:786,0
DA:787,0
DA:788,0
DA:794,0
DA:798,0
DA:803,1
DA:804,0
DA:805,0
DA:809,0
DA:812,0
DA:813,0
DA:814,0
DA:817,0
DA:821,0
DA:826,1
DA:827,0
DA:828,0
DA:829,0
DA:832,0
DA:835,0
DA:840,0
DA:841,0
DA:845,0
DA:846,0
DA:850,0
DA:856,0
DA:865,1
DA:866,0
DA:867,0
DA:868,0
DA:871,0
DA:874,0
DA:879,0
DA:880,0
DA:884,0
DA:885,0
DA:889,0
DA:895,0
DA:904,1
DA:905,0
DA:911,0
DA:912,0
DA:916,0
DA:922,0
DA:924,0
DA:926,0
DA:931,0
DA:932,0
DA:935,0
DA:940,1
DA:941,0
DA:947,0
DA:948,0
DA:952,0
DA:956,0
DA:958,0
DA:960,0
DA:965,0
DA:966,0
DA:969,0
DA:974,1
DA:975,0
DA:976,0
DA:980,0
DA:984,0
DA:989,1
DA:990,0
DA:991,0
DA:995,0
DA:999,0
DA:1004,1
DA:1005,0
DA:1006,0
DA:1010,0
DA:1014,0
DA:1020,1
DA:1021,0
DA:1022,0
DA:1028,1
DA:1029,0
DA:1038,1
DA:1039,0
DA:1050,1
DA:1051,0
DA:1052,0
DA:1056,0
DA:1057,0
DA:1064,0
DA:1074,0
DA:1079,1
DA:1080,0
DA:1081,0
DA:1082,0
DA:1083,0
DA:1084,0
DA:1086,0
DA:1088,0
DA:1091,0
DA:1092,0
DA:1095,0
DA:1097,0
DA:1103,1
DA:1104,0
DA:1106,0
DA:1111,1
DA:1112,0
DA:1118,1
DA:1119,0
DA:1120,0
DA:1124,0
DA:1128,0
DA:1133,1
DA:1134,0
DA:1135,0
DA:1140,0
DA:1141,0
DA:1145,0
DA:1151,0
DA:1152,0
DA:1157,0
DA:1159,0
DA:1164,1
DA:1165,0
DA:1166,0
DA:1172,1
DA:1173,0
DA:1174,0
DA:1178,0
DA:1182,0
DA:1189,0
DA:1194,0
DA:1199,1
DA:1200,0
DA:1201,0
DA:1206,0
DA:1207,0
DA:1211,0
DA:1216,0
DA:1217,0
DA:1222,0
DA:1224,0
DA:1229,1
DA:1230,0
DA:1231,0
DA:1235,0
DA:1239,0
DA:1244,0
DA:1249,1
DA:1250,0
DA:1252,0
DA:1253,0
DA:1256,1
DA:1257,0
DA:1258,0
DA:1259,0
DA:1263,0
DA:1267,0
DA:1274,1
DA:1275,0
DA:1283,1
DA:1284,1
DA:1285,0
DA:1318,0
DA:1319,0
DA:1320,0
DA:1322,0
DA:1323,0
DA:1324,0
DA:1325,0
DA:1331,0
DA:1332,0
DA:1357,2
DA:1475,0
DA:1477,0
DA:1490,0
DA:1492,0
DA:1505,0
DA:1507,0
DA:1520,0
DA:1522,0
DA:1535,0
DA:1537,0
DA:1551,0
DA:1563,0
DA:1607,0
DA:1640,0
DA:1683,0
DA:1738,0
DA:1798,0
DA:1824,0
DA:1825,0
DA:1826,0
DA:1829,0
DA:1870,0
DA:1875,0
DA:1887,0
DA:1924,0
DA:1929,0
DA:1941,0
DA:1984,0
DA:1989,0
DA:2033,0
DA:2045,0
DA:2046,0
DA:2110,0
DA:2131,0
DA:2373,0
DA:2378,0
DA:2381,0
DA:2396,0
DA:2404,0
DA:2431,0
DA:2432,0
DA:2489,0
DA:2494,0
DA:2497,0
DA:2512,0
DA:2523,0
DA:2537,0
DA:2601,0
DA:2606,0
DA:2609,0
DA:2624,0
DA:2660,0
DA:2709,0
DA:2714,0
DA:2717,0
DA:2732,0
DA:2740,0
LF:491
LH:87
BRDA:102,0,0,1
BRDA:102,0,1,0
BRDA:103,1,0,1
BRDA:103,1,1,0
BRDA:109,2,0,0
BRDA:109,2,1,1
BRDA:122,3,0,0
BRDA:122,3,1,1
BRDA:127,4,0,0
BRDA:127,4,1,0
BRDA:128,5,0,0
BRDA:128,5,1,0
BRDA:128,5,2,0
BRDA:150,6,0,0
BRDA:150,6,1,0
BRDA:150,7,0,0
BRDA:150,7,1,0
BRDA:170,8,0,0
BRDA:170,8,1,0
BRDA:183,9,0,0
BRDA:183,9,1,0
BRDA:190,10,0,0
BRDA:190,10,1,0
BRDA:202,11,0,0
BRDA:202,11,1,0
BRDA:203,12,0,0
BRDA:203,12,1,0
BRDA:213,13,0,0
BRDA:213,13,1,0
BRDA:226,14,0,0
BRDA:226,14,1,0
BRDA:233,15,0,0
BRDA:233,15,1,0
BRDA:245,16,0,0
BRDA:245,16,1,0
BRDA:246,17,0,0
BRDA:246,17,1,0
BRDA:256,18,0,0
BRDA:256,18,1,0
BRDA:269,19,0,0
BRDA:269,19,1,0
BRDA:276,20,0,0
BRDA:276,20,1,0
BRDA:288,21,0,0
BRDA:288,21,1,0
BRDA:289,22,0,0
BRDA:289,22,1,0
BRDA:300,23,0,0
BRDA:300,23,1,0
BRDA:313,24,0,0
BRDA:313,24,1,0
BRDA:320,25,0,0
BRDA:320,25,1,0
BRDA:332,26,0,0
BRDA:332,26,1,0
BRDA:333,27,0,0
BRDA:333,27,1,0
BRDA:344,28,0,0
BRDA:344,28,1,0
BRDA:357,29,0,0
BRDA:357,29,1,0
BRDA:364,30,0,0
BRDA:364,30,1,0
BRDA:376,31,0,0
BRDA:376,31,1,0
BRDA:377,32,0,0
BRDA:377,32,1,0
BRDA:388,33,0,0
BRDA:388,33,1,0
BRDA:401,34,0,0
BRDA:401,34,1,0
BRDA:408,35,0,0
BRDA:408,35,1,0
BRDA:420,36,0,0
BRDA:420,36,1,0
BRDA:421,37,0,0
BRDA:421,37,1,0
BRDA:434,38,0,0
BRDA:434,38,1,0
BRDA:435,39,0,0
BRDA:435,39,1,0
BRDA:452,40,0,0
BRDA:452,40,1,0
BRDA:453,41,0,0
BRDA:453,41,1,0
BRDA:470,42,0,0
BRDA:470,42,1,0
BRDA:477,43,0,0
BRDA:477,43,1,0
BRDA:486,44,0,0
BRDA:486,44,1,0
BRDA:487,45,0,0
BRDA:487,45,1,0
BRDA:505,46,0,0
BRDA:505,46,1,0
BRDA:506,47,0,0
BRDA:506,47,1,0
BRDA:523,48,0,0
BRDA:523,48,1,0
BRDA:531,49,0,0
BRDA:531,49,1,0
BRDA:550,50,0,0
BRDA:550,50,1,0
BRDA:555,51,0,0
BRDA:555,51,1,0
BRDA:572,52,0,0
BRDA:572,52,1,0
BRDA:576,53,0,0
BRDA:576,53,1,0
BRDA:577,54,0,0
BRDA:577,54,1,0
BRDA:577,54,2,0
BRDA:577,54,3,0
BRDA:577,54,4,0
BRDA:584,55,0,0
BRDA:584,55,1,0
BRDA:585,56,0,0
BRDA:585,56,1,0
BRDA:588,57,0,0
BRDA:588,57,1,0
BRDA:606,58,0,0
BRDA:606,58,1,0
BRDA:621,59,0,0
BRDA:621,59,1,0
BRDA:630,60,0,0
BRDA:630,60,1,0
BRDA:639,61,0,0
BRDA:639,61,1,0
BRDA:642,62,0,0
BRDA:642,62,1,0
BRDA:643,63,0,0
BRDA:643,63,1,0
BRDA:656,64,0,0
BRDA:656,64,1,0
BRDA:668,65,0,0
BRDA:668,65,1,0
BRDA:687,66,0,0
BRDA:687,66,1,0
BRDA:687,66,2,0
BRDA:689,67,0,0
BRDA:689,67,1,0
BRDA:700,68,0,0
BRDA:700,68,1,0
BRDA:701,69,0,0
BRDA:701,69,1,0
BRDA:701,69,2,0
BRDA:701,69,3,0
BRDA:729,70,0,0
BRDA:729,70,1,0
BRDA:730,71,0,0
BRDA:730,71,1,0
BRDA:730,71,2,0
BRDA:730,71,3,0
BRDA:756,72,0,0
BRDA:756,72,1,0
BRDA:757,73,0,0
BRDA:757,73,1,0
BRDA:763,74,0,0
BRDA:763,74,1,0
BRDA:772,75,0,0
BRDA:772,75,1,0
BRDA:779,76,0,0
BRDA:779,76,1,0
BRDA:780,77,0,0
BRDA:780,77,1,0
BRDA:786,78,0,0
BRDA:786,78,1,0
BRDA:798,79,0,0
BRDA:798,79,1,0
BRDA:805,80,0,0
BRDA:805,80,1,0
BRDA:806,81,0,0
BRDA:806,81,1,0
BRDA:812,82,0,0
BRDA:812,82,1,0
BRDA:821,83,0,0
BRDA:821,83,1,0
BRDA:827,84,0,0
BRDA:827,84,1,0
BRDA:841,85,0,0
BRDA:841,85,1,0
BRDA:842,86,0,0
BRDA:842,86,1,0
BRDA:845,87,0,0
BRDA:845,87,1,0
BRDA:866,88,0,0
BRDA:866,88,1,0
BRDA:880,89,0,0
BRDA:880,89,1,0
BRDA:881,90,0,0
BRDA:881,90,1,0
BRDA:884,91,0,0
BRDA:884,91,1,0
BRDA:912,92,0,0
BRDA:912,92,1,0
BRDA:913,93,0,0
BRDA:913,93,1,0
BRDA:916,94,0,0
BRDA:916,94,1,0
BRDA:917,95,0,0
BRDA:917,95,1,0
BRDA:935,96,0,0
BRDA:935,96,1,0
BRDA:948,97,0,0
BRDA:948,97,1,0
BRDA:949,98,0,0
BRDA:949,98,1,0
BRDA:952,99,0,0
BRDA:952,99,1,0
BRDA:953,100,0,0
BRDA:953,100,1,0
BRDA:969,101,0,0
BRDA:969,101,1,0
BRDA:976,102,0,0
BRDA:976,102,1,0
BRDA:977,103,0,0
BRDA:977,103,1,0
BRDA:984,104,0,0
BRDA:984,104,1,0
BRDA:991,105,0,0
BRDA:991,105,1,0
BRDA:992,106,0,0
BRDA:992,106,1,0
BRDA:999,107,0,0
BRDA:999,107,1,0
BRDA:1006,108,0,0
BRDA:1006,108,1,0
BRDA:1007,109,0,0
BRDA:1007,109,1,0
BRDA:1014,110,0,0
BRDA:1014,110,1,0
BRDA:1021,111,0,0
BRDA:1021,111,1,0
BRDA:1052,112,0,0
BRDA:1052,112,1,0
BRDA:1053,113,0,0
BRDA:1053,113,1,0
BRDA:1074,114,0,0
BRDA:1074,114,1,0
BRDA:1080,115,0,0
BRDA:1080,115,1,0
BRDA:1083,116,0,0
BRDA:1083,116,1,0
BRDA:1120,117,0,0
BRDA:1120,117,1,0
BRDA:1121,118,0,0
BRDA:1121,118,1,0
BRDA:1128,119,0,0
BRDA:1128,119,1,0
BRDA:1141,120,0,0
BRDA:1141,120,1,0
BRDA:1142,121,0,0
BRDA:1142,121,1,0
BRDA:1159,122,0,0
BRDA:1159,122,1,0
BRDA:1174,123,0,0
BRDA:1174,123,1,0
BRDA:1175,124,0,0
BRDA:1175,124,1,0
BRDA:1178,125,0,0
BRDA:1178,125,1,0
BRDA:1179,126,0,0
BRDA:1179,126,1,0
BRDA:1194,127,0,0
BRDA:1194,127,1,0
BRDA:1207,128,0,0
BRDA:1207,128,1,0
BRDA:1208,129,0,0
BRDA:1208,129,1,0
BRDA:1224,130,0,0
BRDA:1224,130,1,0
BRDA:1231,131,0,0
BRDA:1231,131,1,0
BRDA:1232,132,0,0
BRDA:1232,132,1,0
BRDA:1235,133,0,0
BRDA:1235,133,1,0
BRDA:1236,134,0,0
BRDA:1236,134,1,0
BRDA:1244,135,0,0
BRDA:1244,135,1,0
BRDA:1257,136,0,0
BRDA:1257,136,1,0
BRDA:1259,137,0,0
BRDA:1259,137,1,0
BRDA:1260,138,0,0
BRDA:1260,138,1,0
BRDA:1267,139,0,0
BRDA:1267,139,1,0
BRDA:1274,140,0,0
BRDA:1274,140,1,1
BRDA:1283,141,0,1
BRDA:1283,141,1,0
BRDA:1284,142,0,0
BRDA:1284,142,1,1
BRDA:1318,143,0,0
BRDA:1318,143,1,0
BRDA:1331,144,0,0
BRDA:1331,144,1,0
BRDA:1361,145,0,2
BRDA:1361,145,1,0
BRDA:1361,146,0,2
BRDA:1361,146,1,2
BRDA:1361,146,2,2
BRDA:1361,146,3,2
BRDA:1376,147,0,2
BRDA:1376,147,1,1
BRDA:1376,147,2,1
BRDA:1376,147,3,0
BRDA:1376,147,4,0
BRDA:1384,148,0,2
BRDA:1384,148,1,1
BRDA:1384,148,2,1
BRDA:1384,148,3,0
BRDA:1384,148,4,0
BRDA:1392,149,0,2
BRDA:1392,149,1,1
BRDA:1392,149,2,1
BRDA:1392,149,3,0
BRDA:1392,149,4,0
BRDA:1401,150,0,2
BRDA:1401,150,1,1
BRDA:1401,150,2,1
BRDA:1401,150,3,0
BRDA:1401,150,4,0
BRDA:1408,151,0,2
BRDA:1408,151,1,1
BRDA:1408,151,2,1
BRDA:1408,151,3,1
BRDA:1408,151,4,0
BRDA:1408,151,5,0
BRDA:1408,151,6,0
BRDA:1408,151,7,1
BRDA:1422,152,0,2
BRDA:1422,152,1,1
BRDA:1425,153,0,1
BRDA:1425,153,1,0
BRDA:1439,154,0,1
BRDA:1439,154,1,1
BRDA:1456,155,0,1
BRDA:1456,155,1,1
BRDA:1456,155,2,0
BRDA:1456,155,3,1
BRDA:1469,156,0,0
BRDA:1469,156,1,1
BRDA:1484,157,0,0
BRDA:1484,157,1,1
BRDA:1499,158,0,0
BRDA:1499,158,1,1
BRDA:1514,159,0,0
BRDA:1514,159,1,1
BRDA:1529,160,0,0
BRDA:1529,160,1,1
BRDA:1572,161,0,1
BRDA:1572,161,1,1
BRDA:1572,161,2,0
BRDA:1572,161,3,0
BRDA:1576,162,0,0
BRDA:1576,162,1,0
BRDA:1638,163,0,1
BRDA:1638,163,1,1
BRDA:1655,164,0,1
BRDA:1655,164,1,1
BRDA:1775,165,0,2
BRDA:1775,165,1,2
BRDA:1814,166,0,0
BRDA:1814,166,1,2
BRDA:1824,167,0,0
BRDA:1824,167,1,0
BRDA:1825,168,0,0
BRDA:1825,168,1,0
BRDA:1836,169,0,0
BRDA:1836,169,1,2
BRDA:1847,170,0,2
BRDA:1847,170,1,2
BRDA:1847,170,2,0
BRDA:1847,170,3,0
BRDA:1847,170,4,0
BRDA:1854,171,0,0
BRDA:1854,171,1,0
BRDA:1882,172,0,0
BRDA:1882,172,1,0
BRDA:1900,173,0,2
BRDA:1900,173,1,2
BRDA:1900,173,2,2
BRDA:1900,173,3,0
BRDA:1900,173,4,0
BRDA:1907,174,0,0
BRDA:1907,174,1,0
BRDA:1936,175,0,0
BRDA:1936,175,1,0
BRDA:1954,176,0,2
BRDA:1954,176,1,2
BRDA:1954,176,2,2
BRDA:1954,176,3,0
BRDA:1954,176,4,0
BRDA:1954,176,5,0
BRDA:1962,177,0,0
BRDA:1962,177,1,0
BRDA:1975,178,0,0
BRDA:1975,178,1,0
BRDA:1975,178,2,0
BRDA:1975,178,3,0
BRDA:1975,178,4,0
BRDA:2045,179,0,0
BRDA:2045,179,1,0
BRDA:2071,180,0,2
BRDA:2071,180,1,0
BRDA:2369,181,0,0
BRDA:2369,181,1,0
BRDA:2394,182,0,0
BRDA:2394,182,1,0
BRDA:2399,183,0,0
BRDA:2399,183,1,0
BRDA:2485,184,0,0
BRDA:2485,184,1,0
BRDA:2510,185,0,0
BRDA:2510,185,1,0
BRDA:2515,186,0,0
BRDA:2515,186,1,0
BRDA:2530,187,0,0
BRDA:2530,187,1,0
BRDA:2545,188,0,0
BRDA:2545,188,1,0
BRDA:2597,189,0,0
BRDA:2597,189,1,0
BRDA:2622,190,0,0
BRDA:2622,190,1,0
BRDA:2705,191,0,0
BRDA:2705,191,1,0
BRDA:2730,192,0,0
BRDA:2730,192,1,0
BRDA:2735,193,0,0
BRDA:2735,193,1,0
BRDA:2761,194,0,2
BRDA:2761,194,1,0
BRDA:2778,195,0,2
BRDA:2778,195,1,0
BRDA:2806,196,0,2
BRDA:2806,196,1,0
BRDA:2821,197,0,2
BRDA:2821,197,1,2
BRF:442
BRH:66
end_of_record
TN:
SF:src/components/collections/views/activities/ColumnTwo.js
FN:13,(anonymous_0)
FN:30,(anonymous_1)
FN:36,(anonymous_2)
FN:47,(anonymous_3)
FN:53,(anonymous_4)
FN:55,(anonymous_5)
FN:68,(anonymous_6)
FN:83,(anonymous_7)
FN:127,(anonymous_8)
FN:134,(anonymous_9)
FN:152,(anonymous_10)
FN:166,(anonymous_11)
FN:172,(anonymous_12)
FN:198,(anonymous_13)
FN:203,(anonymous_14)
FN:218,(anonymous_15)
FNF:16
FNH:3
FNDA:1,(anonymous_0)
FNDA:1,(anonymous_1)
FNDA:0,(anonymous_2)
FNDA:0,(anonymous_3)
FNDA:0,(anonymous_4)
FNDA:0,(anonymous_5)
FNDA:0,(anonymous_6)
FNDA:0,(anonymous_7)
FNDA:0,(anonymous_8)
FNDA:0,(anonymous_9)
FNDA:0,(anonymous_10)
FNDA:0,(anonymous_11)
FNDA:1,(anonymous_12)
FNDA:0,(anonymous_13)
FNDA:0,(anonymous_14)
FNDA:0,(anonymous_15)
DA:14,1
DA:15,1
DA:24,1
DA:25,1
DA:26,1
DA:27,1
DA:31,1
DA:32,0
DA:36,1
DA:37,0
DA:41,0
DA:43,0
DA:48,0
DA:53,1
DA:54,0
DA:55,0
DA:56,0
DA:60,0
DA:64,0
DA:68,0
DA:69,0
DA:73,0
DA:77,0
DA:83,1
DA:86,0
DA:87,0
DA:91,0
DA:97,0
DA:99,0
DA:100,0
DA:106,0
DA:107,0
DA:109,0
DA:112,0
DA:113,0
DA:116,0
DA:117,0
DA:118,0
DA:119,0
DA:120,0
DA:122,0
DA:127,1
DA:128,0
DA:129,0
DA:130,0
DA:135,0
DA:141,0
DA:146,0
DA:153,0
DA:154,0
DA:156,0
DA:162,0
DA:165,0
DA:166,0
DA:167,0
DA:173,1
DA:199,0
DA:204,0
DA:205,0
DA:219,0
LF:60
LH:12
BRDA:31,0,0,0
BRDA:31,0,1,1
BRDA:54,1,0,0
BRDA:54,1,1,0
BRDA:56,2,0,0
BRDA:56,2,1,0
BRDA:57,3,0,0
BRDA:57,3,1,0
BRDA:64,4,0,0
BRDA:64,4,1,0
BRDA:69,5,0,0
BRDA:69,5,1,0
BRDA:70,6,0,0
BRDA:70,6,1,0
BRDA:77,7,0,0
BRDA:77,7,1,0
BRDA:86,8,0,0
BRDA:86,8,1,0
BRDA:99,9,0,0
BRDA:99,9,1,0
BRDA:106,10,0,0
BRDA:106,10,1,0
BRDA:118,11,0,0
BRDA:118,11,1,0
BRDA:119,12,0,0
BRDA:119,12,1,0
BRDA:141,13,0,0
BRDA:141,13,1,0
BRDA:142,14,0,0
BRDA:142,14,1,0
BRDA:142,14,2,0
BRDA:153,15,0,0
BRDA:153,15,1,0
BRDA:156,16,0,0
BRDA:156,16,1,0
BRDA:157,17,0,0
BRDA:157,17,1,0
BRDA:157,17,2,0
BRDA:195,18,0,1
BRDA:195,18,1,0
BRDA:234,19,0,0
BRDA:234,19,1,0
BRDA:234,20,0,0
BRDA:234,20,1,0
BRDA:246,21,0,0
BRDA:246,21,1,0
BRDA:246,21,2,0
BRDA:256,22,0,0
BRDA:256,22,1,0
BRDA:256,22,2,0
BRDA:263,23,0,0
BRDA:263,23,1,0
BRDA:263,23,2,0
BRDA:270,24,0,0
BRDA:270,24,1,0
BRDA:270,24,2,0
BRDA:285,25,0,1
BRDA:285,25,1,1
BRDA:285,25,2,1
BRDA:285,25,3,0
BRDA:285,25,4,0
BRDA:298,26,0,0
BRDA:298,26,1,0
BRDA:298,27,0,0
BRDA:298,27,1,0
BRF:65
BRH:5
end_of_record
TN:
SF:src/components/collections/views/common/ActivityLogs.js
FN:12,(anonymous_0)
FN:16,(anonymous_1)
FN:20,(anonymous_2)
FN:27,(anonymous_3)
FN:45,(anonymous_4)
FN:97,(anonymous_5)
FN:122,(anonymous_6)
FN:172,(anonymous_7)
FNF:8
FNH:0
FNDA:0,(anonymous_0)
FNDA:0,(anonymous_1)
FNDA:0,(anonymous_2)
FNDA:0,(anonymous_3)
FNDA:0,(anonymous_4)
FNDA:0,(anonymous_5)
FNDA:0,(anonymous_6)
FNDA:0,(anonymous_7)
DA:10,0
DA:13,0
DA:17,0
DA:20,0
DA:21,0
DA:22,0
DA:23,0
DA:24,0
DA:28,0
DA:46,0
DA:47,0
DA:48,0
DA:50,0
DA:98,0
DA:99,0
DA:116,0
DA:123,0
DA:124,0
DA:138,0
DA:173,0
DA:174,0
DA:189,0
LF:22
LH:0
BRDA:30,0,0,0
BRDA:30,0,1,0
BRDA:30,0,2,0
BRDA:37,1,0,0
BRDA:37,1,1,0
BRDA:43,2,0,0
BRDA:43,2,1,0
BRDA:43,2,2,0
BRDA:47,3,0,0
BRDA:47,3,1,0
BRDA:57,4,0,0
BRDA:57,4,1,0
BRDA:61,5,0,0
BRDA:61,5,1,0
BRDA:61,5,2,0
BRDA:89,6,0,0
BRDA:89,6,1,0
BRDA:94,7,0,0
BRDA:94,7,1,0
BRDA:98,8,0,0
BRDA:98,8,1,0
BRDA:123,9,0,0
BRDA:123,9,1,0
BRDA:143,10,0,0
BRDA:143,10,1,0
BRDA:149,11,0,0
BRDA:149,11,1,0
BRDA:170,12,0,0
BRDA:170,12,1,0
BRDA:170,12,2,0
BRDA:173,13,0,0
BRDA:173,13,1,0
BRDA:176,14,0,0
BRDA:176,14,1,0
BRDA:176,14,2,0
BRDA:192,15,0,0
BRDA:192,15,1,0
BRF:37
BRH:0
end_of_record
TN:
SF:src/components/collections/views/competencies/ColumnThree.js
FN:12,(anonymous_0)
FN:131,(anonymous_1)
FN:138,(anonymous_2)
FN:157,(anonymous_3)
FN:183,(anonymous_4)
FN:191,(anonymous_5)
FN:209,(anonymous_6)
FN:214,(anonymous_7)
FN:225,(anonymous_8)
FN:247,(anonymous_9)
FN:256,(anonymous_10)
FN:298,(anonymous_11)
FN:307,(anonymous_12)
FN:333,(anonymous_13)
FN:416,(anonymous_14)
FN:438,(anonymous_15)
FN:439,(anonymous_16)
FN:450,(anonymous_17)
FN:456,(anonymous_18)
FN:486,(anonymous_19)
FN:494,(anonymous_20)
FN:495,(anonymous_21)
FN:504,(anonymous_22)
FN:526,(anonymous_23)
FN:545,(anonymous_24)
FN:562,(anonymous_25)
FN:583,(anonymous_26)
FN:597,(anonymous_27)
FN:602,(anonymous_28)
FN:620,(anonymous_29)
FN:634,(anonymous_30)
FN:651,(anonymous_31)
FN:666,(anonymous_32)
FN:682,(anonymous_33)
FN:684,(anonymous_34)
FN:690,(anonymous_35)
FN:704,(anonymous_36)
FN:709,(anonymous_37)
FN:712,(anonymous_38)
FN:726,(anonymous_39)
FN:747,(anonymous_40)
FN:751,(anonymous_41)
FN:756,(anonymous_42)
FN:759,(anonymous_43)
FN:786,(anonymous_44)
FN:800,(anonymous_45)
FN:805,(anonymous_46)
FN:819,(anonymous_47)
FN:821,(anonymous_48)
FN:830,(anonymous_49)
FN:886,(anonymous_50)
FN:896,(anonymous_51)
FN:906,(anonymous_52)
FN:923,(anonymous_53)
FN:940,(anonymous_54)
FN:955,(anonymous_55)
FN:964,(anonymous_56)
FN:997,(anonymous_57)
FN:1006,(anonymous_58)
FN:1012,(anonymous_59)
FN:1028,(anonymous_60)
FN:1029,(anonymous_61)
FN:1044,(anonymous_62)
FN:1045,(anonymous_63)
FN:1060,(anonymous_64)
FN:1070,(anonymous_65)
FN:1080,(anonymous_66)
FN:1125,(anonymous_67)
FN:1171,(anonymous_68)
FN:1181,(anonymous_69)
FN:1197,(anonymous_70)
FN:1213,(anonymous_71)
FN:1229,(anonymous_72)
FN:1240,(anonymous_73)
FN:1241,(anonymous_74)
FN:1270,(anonymous_75)
FN:1279,(anonymous_76)
FN:1286,(anonymous_77)
FN:1287,(anonymous_78)
FN:1302,(anonymous_79)
FN:1309,(anonymous_80)
FN:1319,(anonymous_81)
FN:1320,(anonymous_82)
FN:1334,(anonymous_83)
FN:1342,(anonymous_84)
FN:1343,(anonymous_85)
FN:1358,(anonymous_86)
FN:1370,(anonymous_87)
FN:1377,(anonymous_88)
FN:1386,(anonymous_89)
FN:1387,(anonymous_90)
FN:1401,(anonymous_91)
FN:1402,(anonymous_92)
FN:1422,(anonymous_93)
FN:1423,(anonymous_94)
FN:1434,(anonymous_95)
FN:1443,(anonymous_96)
FN:1445,(anonymous_97)
FN:1458,(anonymous_98)
FN:1461,(anonymous_99)
FN:1466,(anonymous_100)
FN:1477,(anonymous_101)
FN:1482,(anonymous_102)
FN:1490,(anonymous_103)
FN:1499,(anonymous_104)
FN:1507,(anonymous_105)
FN:1509,(anonymous_106)
FN:1521,(anonymous_107)
FN:1522,(anonymous_108)
FN:1534,(anonymous_109)
FN:1545,(anonymous_110)
FN:1557,(anonymous_111)
FN:1566,(anonymous_112)
FN:1572,(anonymous_113)
FN:1575,(anonymous_114)
FN:1585,(anonymous_115)
FN:1611,(anonymous_116)
FN:1633,(anonymous_117)
FN:1638,(anonymous_118)
FN:1650,(anonymous_119)
FN:1662,(anonymous_120)
FN:1675,(anonymous_121)
FN:1677,(anonymous_122)
FN:1692,(anonymous_123)
FN:1735,(anonymous_124)
FN:1786,(anonymous_125)
FN:1833,(anonymous_126)
FN:1951,(anonymous_127)
FN:1952,(anonymous_128)
FN:1964,(anonymous_129)
FN:1965,(anonymous_130)
FN:1977,(anonymous_131)
FN:1978,(anonymous_132)
FN:1990,(anonymous_133)
FN:1991,(anonymous_134)
FN:2003,(anonymous_135)
FN:2004,(anonymous_136)
FN:2017,(anonymous_137)
FN:2027,(anonymous_138)
FN:2069,(anonymous_139)
FN:2102,(anonymous_140)
FN:2146,(anonymous_141)
FN:2200,(anonymous_142)
FN:2261,(anonymous_143)
FN:2287,(anonymous_144)
FN:2324,(anonymous_145)
FN:2336,(anonymous_146)
FN:2348,(anonymous_147)
FN:2401,(anonymous_148)
FN:2406,(anonymous_149)
FN:2425,(anonymous_150)
FN:2430,(anonymous_151)
FN:2459,(anonymous_152)
FN:2465,(anonymous_153)
FN:2470,(anonymous_154)
FN:2528,(anonymous_155)
FN:2556,(anonymous_156)
FN:2568,(anonymous_157)
FN:2574,(anonymous_158)
FN:2582,(anonymous_159)
FN:2647,(anonymous_160)
FN:2657,(anonymous_161)
FN:2662,(anonymous_162)
FN:2729,(anonymous_163)
FN:2737,(anonymous_164)
FN:2757,(anonymous_165)
FN:2789,(anonymous_166)
FN:2805,(anonymous_167)
FN:2904,(anonymous_168)
FN:2909,(anonymous_169)
FN:2918,(anonymous_170)
FN:2956,(anonymous_171)
FN:2964,(anonymous_172)
FN:3007,(anonymous_173)
FN:3079,(anonymous_174)
FN:3159,(anonymous_175)
FN:3164,(anonymous_176)
FN:3170,(anonymous_177)
FN:3258,(anonymous_178)
FN:3299,(anonymous_179)
FN:3318,(anonymous_180)
FN:3338,(anonymous_181)
FN:3377,(anonymous_182)
FN:3382,(anonymous_183)
FN:3401,(anonymous_184)
FN:3408,(anonymous_185)
FN:3417,(anonymous_186)
FN:3426,(anonymous_187)
FN:3475,(anonymous_188)
FN:3510,(anonymous_189)
FN:3515,(anonymous_190)
FN:3533,(anonymous_191)
FN:3542,(anonymous_192)
FN:3590,(anonymous_193)
FN:3595,(anonymous_194)
FN:3607,(anonymous_195)
FN:3649,(anonymous_196)
FN:3654,(anonymous_197)
FN:3666,(anonymous_198)
FN:3710,(anonymous_199)
FN:3715,(anonymous_200)
FN:3727,(anonymous_201)
FN:3773,(anonymous_202)
FN:3778,(anonymous_203)
FN:3823,(anonymous_204)
FN:3843,(anonymous_205)
FNF:206
FNH:8
FNDA:1,(anonymous_0)
FNDA:1,(anonymous_1)
FNDA:1,(anonymous_2)
FNDA:0,(anonymous_3)
FNDA:0,(anonymous_4)
FNDA:0,(anonymous_5)
FNDA:0,(anonymous_6)
FNDA:0,(anonymous_7)
FNDA:0,(anonymous_8)
FNDA:0,(anonymous_9)
FNDA:0,(anonymous_10)
FNDA:0,(anonymous_11)
FNDA:0,(anonymous_12)
FNDA:0,(anonymous_13)
FNDA:0,(anonymous_14)
FNDA:0,(anonymous_15)
FNDA:0,(anonymous_16)
FNDA:0,(anonymous_17)
FNDA:0,(anonymous_18)
FNDA:0,(anonymous_19)
FNDA:0,(anonymous_20)
FNDA:0,(anonymous_21)
FNDA:0,(anonymous_22)
FNDA:0,(anonymous_23)
FNDA:0,(anonymous_24)
FNDA:0,(anonymous_25)
FNDA:0,(anonymous_26)
FNDA:0,(anonymous_27)
FNDA:0,(anonymous_28)
FNDA:0,(anonymous_29)
FNDA:0,(anonymous_30)
FNDA:0,(anonymous_31)
FNDA:0,(anonymous_32)
FNDA:0,(anonymous_33)
FNDA:0,(anonymous_34)
FNDA:0,(anonymous_35)
FNDA:0,(anonymous_36)
FNDA:0,(anonymous_37)
FNDA:0,(anonymous_38)
FNDA:0,(anonymous_39)
FNDA:0,(anonymous_40)
FNDA:0,(anonymous_41)
FNDA:0,(anonymous_42)
FNDA:0,(anonymous_43)
FNDA:0,(anonymous_44)
FNDA:0,(anonymous_45)
FNDA:0,(anonymous_46)
FNDA:0,(anonymous_47)
FNDA:0,(anonymous_48)
FNDA:0,(anonymous_49)
FNDA:0,(anonymous_50)
FNDA:0,(anonymous_51)
FNDA:0,(anonymous_52)
FNDA:0,(anonymous_53)
FNDA:0,(anonymous_54)
FNDA:0,(anonymous_55)
FNDA:0,(anonymous_56)
FNDA:0,(anonymous_57)
FNDA:0,(anonymous_58)
FNDA:0,(anonymous_59)
FNDA:0,(anonymous_60)
FNDA:0,(anonymous_61)
FNDA:0,(anonymous_62)
FNDA:0,(anonymous_63)
FNDA:0,(anonymous_64)
FNDA:0,(anonymous_65)
FNDA:0,(anonymous_66)
FNDA:0,(anonymous_67)
FNDA:0,(anonymous_68)
FNDA:0,(anonymous_69)
FNDA:0,(anonymous_70)
FNDA:0,(anonymous_71)
FNDA:0,(anonymous_72)
FNDA:0,(anonymous_73)
FNDA:0,(anonymous_74)
FNDA:0,(anonymous_75)
FNDA:0,(anonymous_76)
FNDA:0,(anonymous_77)
FNDA:0,(anonymous_78)
FNDA:0,(anonymous_79)
FNDA:0,(anonymous_80)
FNDA:0,(anonymous_81)
FNDA:0,(anonymous_82)
FNDA:0,(anonymous_83)
FNDA:0,(anonymous_84)
FNDA:0,(anonymous_85)
FNDA:0,(anonymous_86)
FNDA:0,(anonymous_87)
FNDA:0,(anonymous_88)
FNDA:0,(anonymous_89)
FNDA:0,(anonymous_90)
FNDA:0,(anonymous_91)
FNDA:0,(anonymous_92)
FNDA:1,(anonymous_93)
FNDA:0,(anonymous_94)
FNDA:0,(anonymous_95)
FNDA:0,(anonymous_96)
FNDA:0,(anonymous_97)
FNDA:0,(anonymous_98)
FNDA:0,(anonymous_99)
FNDA:0,(anonymous_100)
FNDA:0,(anonymous_101)
FNDA:0,(anonymous_102)
FNDA:0,(anonymous_103)
FNDA:0,(anonymous_104)
FNDA:1,(anonymous_105)
FNDA:0,(anonymous_106)
FNDA:0,(anonymous_107)
FNDA:0,(anonymous_108)
FNDA:0,(anonymous_109)
FNDA:0,(anonymous_110)
FNDA:0,(anonymous_111)
FNDA:0,(anonymous_112)
FNDA:0,(anonymous_113)
FNDA:0,(anonymous_114)
FNDA:0,(anonymous_115)
FNDA:0,(anonymous_116)
FNDA:0,(anonymous_117)
FNDA:0,(anonymous_118)
FNDA:0,(anonymous_119)
FNDA:0,(anonymous_120)
FNDA:0,(anonymous_121)
FNDA:0,(anonymous_122)
FNDA:0,(anonymous_123)
FNDA:1,(anonymous_124)
FNDA:0,(anonymous_125)
FNDA:2,(anonymous_126)
FNDA:0,(anonymous_127)
FNDA:0,(anonymous_128)
FNDA:0,(anonymous_129)
FNDA:0,(anonymous_130)
FNDA:0,(anonymous_131)
FNDA:0,(anonymous_132)
FNDA:0,(anonymous_133)
FNDA:0,(anonymous_134)
FNDA:0,(anonymous_135)
FNDA:0,(anonymous_136)
FNDA:0,(anonymous_137)
FNDA:0,(anonymous_138)
FNDA:0,(anonymous_139)
FNDA:0,(anonymous_140)
FNDA:0,(anonymous_141)
FNDA:0,(anonymous_142)
FNDA:0,(anonymous_143)
FNDA:0,(anonymous_144)
FNDA:0,(anonymous_145)
FNDA:0,(anonymous_146)
FNDA:0,(anonymous_147)
FNDA:0,(anonymous_148)
FNDA:0,(anonymous_149)
FNDA:0,(anonymous_150)
FNDA:0,(anonymous_151)
FNDA:0,(anonymous_152)
FNDA:0,(anonymous_153)
FNDA:0,(anonymous_154)
FNDA:0,(anonymous_155)
FNDA:0,(anonymous_156)
FNDA:0,(anonymous_157)
FNDA:0,(anonymous_158)
FNDA:0,(anonymous_159)
FNDA:0,(anonymous_160)
FNDA:0,(anonymous_161)
FNDA:0,(anonymous_162)
FNDA:0,(anonymous_163)
FNDA:0,(anonymous_164)
FNDA:0,(anonymous_165)
FNDA:0,(anonymous_166)
FNDA:0,(anonymous_167)
FNDA:0,(anonymous_168)
FNDA:0,(anonymous_169)
FNDA:0,(anonymous_170)
FNDA:0,(anonymous_171)
FNDA:0,(anonymous_172)
FNDA:0,(anonymous_173)
FNDA:0,(anonymous_174)
FNDA:20,(anonymous_175)
FNDA:0,(anonymous_176)
FNDA:0,(anonymous_177)
FNDA:0,(anonymous_178)
FNDA:0,(anonymous_179)
FNDA:0,(anonymous_180)
FNDA:0,(anonymous_181)
FNDA:0,(anonymous_182)
FNDA:0,(anonymous_183)
FNDA:0,(anonymous_184)
FNDA:0,(anonymous_185)
FNDA:0,(anonymous_186)
FNDA:0,(anonymous_187)
FNDA:0,(anonymous_188)
FNDA:0,(anonymous_189)
FNDA:0,(anonymous_190)
FNDA:0,(anonymous_191)
FNDA:0,(anonymous_192)
FNDA:0,(anonymous_193)
FNDA:0,(anonymous_194)
FNDA:0,(anonymous_195)
FNDA:0,(anonymous_196)
FNDA:0,(anonymous_197)
FNDA:0,(anonymous_198)
FNDA:0,(anonymous_199)
FNDA:0,(anonymous_200)
FNDA:0,(anonymous_201)
FNDA:0,(anonymous_202)
FNDA:0,(anonymous_203)
FNDA:0,(anonymous_204)
FNDA:0,(anonymous_205)
DA:13,1
DA:14,1
DA:85,1
DA:86,1
DA:87,1
DA:88,1
DA:89,1
DA:90,1
DA:91,1
DA:92,1
DA:93,1
DA:94,1
DA:95,1
DA:96,1
DA:97,1
DA:98,1
DA:99,1
DA:100,1
DA:101,1
DA:102,1
DA:103,1
DA:104,1
DA:105,1
DA:106,1
DA:107,1
DA:108,1
DA:109,1
DA:110,1
DA:111,1
DA:112,1
DA:113,1
DA:114,1
DA:115,1
DA:116,1
DA:117,1
DA:120,1
DA:121,1
DA:122,1
DA:123,1
DA:124,1
DA:125,1
DA:126,1
DA:127,1
DA:128,1
DA:132,1
DA:133,1
DA:134,1
DA:139,1
DA:140,0
DA:141,0
DA:142,0
DA:143,0
DA:144,0
DA:145,0
DA:151,1
DA:152,1
DA:154,1
DA:155,0
DA:158,0
DA:165,0
DA:175,0
DA:180,1
DA:181,0
DA:184,0
DA:185,0
DA:189,0
DA:192,0
DA:194,0
DA:195,0
DA:198,0
DA:200,0
DA:201,0
DA:214,1
DA:215,0
DA:225,1
DA:227,0
DA:230,0
DA:234,0
DA:238,0
DA:247,0
DA:248,0
DA:252,0
DA:257,0
DA:266,0
DA:270,0
DA:273,0
DA:274,0
DA:281,0
DA:285,0
DA:289,0
DA:298,0
DA:299,0
DA:303,0
DA:308,0
DA:317,0
DA:321,0
DA:324,0
DA:325,0
DA:333,1
DA:334,0
DA:335,0
DA:339,0
DA:340,0
DA:352,0
DA:353,0
DA:364,0
DA:365,0
DA:377,0
DA:378,0
DA:390,0
DA:403,0
DA:404,0
DA:407,0
DA:416,0
DA:417,0
DA:421,0
DA:422,0
DA:424,0
DA:427,0
DA:439,0
DA:440,0
DA:441,0
DA:450,0
DA:451,0
DA:452,0
DA:456,0
DA:457,0
DA:458,0
DA:468,0
DA:472,0
DA:477,0
DA:481,0
DA:486,1
DA:487,0
DA:488,0
DA:491,0
DA:493,0
DA:494,0
DA:495,0
DA:498,0
DA:502,0
DA:503,0
DA:504,0
DA:505,0
DA:512,0
DA:515,0
DA:525,0
DA:526,0
DA:527,0
DA:531,0
DA:541,0
DA:545,0
DA:546,0
DA:550,0
DA:552,0
DA:559,0
DA:560,0
DA:562,0
DA:563,0
DA:564,0
DA:567,0
DA:574,0
DA:583,0
DA:584,0
DA:588,0
DA:596,0
DA:597,0
DA:598,0
DA:602,0
DA:603,0
DA:604,0
DA:607,0
DA:611,0
DA:615,0
DA:616,0
DA:621,0
DA:635,0
DA:651,1
DA:652,0
DA:653,0
DA:656,0
DA:665,0
DA:666,0
DA:667,0
DA:671,0
DA:683,0
DA:684,0
DA:685,0
DA:686,0
DA:690,0
DA:691,0
DA:696,0
DA:700,0
DA:704,0
DA:705,0
DA:706,0
DA:709,0
DA:713,0
DA:727,0
DA:740,0
DA:747,1
DA:748,0
DA:749,0
DA:751,0
DA:752,0
DA:753,0
DA:756,0
DA:760,0
DA:770,0
DA:774,0
DA:776,0
DA:778,0
DA:785,0
DA:786,0
DA:787,0
DA:791,0
DA:799,0
DA:800,0
DA:801,0
DA:805,0
DA:806,0
DA:807,0
DA:808,0
DA:812,0
DA:819,1
DA:820,0
DA:821,0
DA:822,0
DA:826,0
DA:831,0
DA:838,0
DA:839,0
DA:843,0
DA:844,0
DA:849,0
DA:852,0
DA:861,0
DA:862,0
DA:866,0
DA:871,0
DA:875,0
DA:886,1
DA:887,0
DA:888,0
DA:897,0
DA:906,1
DA:907,0
DA:908,0
DA:910,0
DA:912,0
DA:913,0
DA:916,0
DA:924,0
DA:928,0
DA:933,0
DA:941,0
DA:945,0
DA:947,0
DA:950,0
DA:955,1
DA:956,0
DA:958,0
DA:960,0
DA:965,0
DA:966,0
DA:970,0
DA:971,0
DA:975,0
DA:982,0
DA:984,0
DA:987,0
DA:989,0
DA:992,0
DA:997,1
DA:998,0
DA:999,0
DA:1006,1
DA:1007,0
DA:1008,0
DA:1013,0
DA:1014,0
DA:1018,0
DA:1028,1
DA:1029,0
DA:1030,0
DA:1034,0
DA:1038,0
DA:1044,1
DA:1045,0
DA:1046,0
DA:1050,0
DA:1054,0
DA:1060,1
DA:1061,0
DA:1070,1
DA:1071,0
DA:1080,1
DA:1084,0
DA:1085,0
DA:1089,0
DA:1095,0
DA:1097,0
DA:1098,0
DA:1104,0
DA:1105,0
DA:1107,0
DA:1110,0
DA:1111,0
DA:1114,0
DA:1115,0
DA:1116,0
DA:1117,0
DA:1118,0
DA:1120,0
DA:1125,1
DA:1129,0
DA:1130,0
DA:1134,0
DA:1140,0
DA:1142,0
DA:1143,0
DA:1149,0
DA:1150,0
DA:1152,0
DA:1155,0
DA:1156,0
DA:1159,0
DA:1160,0
DA:1161,0
DA:1162,0
DA:1163,0
DA:1165,0
DA:1171,1
DA:1172,0
DA:1174,0
DA:1182,0
DA:1187,0
DA:1190,0
DA:1198,0
DA:1203,0
DA:1206,0
DA:1214,0
DA:1219,0
DA:1222,0
DA:1230,0
DA:1235,0
DA:1240,1
DA:1241,0
DA:1242,0
DA:1246,0
DA:1247,0
DA:1254,0
DA:1264,0
DA:1270,1
DA:1271,0
DA:1273,0
DA:1279,1
DA:1280,0
DA:1286,1
DA:1287,0
DA:1288,0
DA:1292,0
DA:1296,0
DA:1302,1
DA:1303,0
DA:1304,0
DA:1309,0
DA:1310,0
DA:1314,0
DA:1320,0
DA:1321,0
DA:1326,0
DA:1328,0
DA:1334,1
DA:1335,0
DA:1336,0
DA:1342,1
DA:1343,0
DA:1344,0
DA:1348,0
DA:1352,0
DA:1359,0
DA:1364,0
DA:1370,1
DA:1371,0
DA:1372,0
DA:1377,0
DA:1378,0
DA:1382,0
DA:1387,0
DA:1388,0
DA:1393,0
DA:1395,0
DA:1401,1
DA:1402,0
DA:1403,0
DA:1407,0
DA:1411,0
DA:1416,0
DA:1422,1
DA:1423,1
DA:1424,0
DA:1425,0
DA:1429,0
DA:1430,0
DA:1435,0
DA:1443,1
DA:1444,0
DA:1445,0
DA:1446,0
DA:1447,0
DA:1451,0
DA:1458,1
DA:1459,0
DA:1461,0
DA:1462,0
DA:1466,1
DA:1467,0
DA:1469,0
DA:1477,1
DA:1478,0
DA:1483,0
DA:1484,0
DA:1490,0
DA:1493,0
DA:1499,0
DA:1507,1
DA:1508,1
DA:1509,1
DA:1510,0
DA:1511,0
DA:1515,0
DA:1521,1
DA:1522,0
DA:1523,0
DA:1524,0
DA:1528,0
DA:1534,1
DA:1535,0
DA:1545,0
DA:1546,0
DA:1547,0
DA:1551,0
DA:1557,1
DA:1558,0
DA:1559,0
DA:1566,1
DA:1567,0
DA:1572,0
DA:1573,0
DA:1574,0
DA:1575,0
DA:1576,0
DA:1579,0
DA:1585,1
DA:1587,0
DA:1588,0
DA:1589,0
DA:1590,0
DA:1593,0
DA:1594,0
DA:1595,0
DA:1596,0
DA:1597,0
DA:1598,0
DA:1600,0
DA:1601,0
DA:1602,0
DA:1604,0
DA:1605,0
DA:1611,1
DA:1615,0
DA:1616,0
DA:1617,0
DA:1618,0
DA:1621,0
DA:1622,0
DA:1623,0
DA:1624,0
DA:1625,0
DA:1627,0
DA:1633,1
DA:1634,0
DA:1635,0
DA:1639,0
DA:1643,0
DA:1651,0
DA:1658,0
DA:1662,0
DA:1663,0
DA:1664,0
DA:1670,0
DA:1675,1
DA:1676,0
DA:1677,0
DA:1678,0
DA:1682,0
DA:1686,0
DA:1692,1
DA:1695,0
DA:1696,0
DA:1700,0
DA:1706,0
DA:1708,0
DA:1709,0
DA:1715,0
DA:1716,0
DA:1718,0
DA:1721,0
DA:1722,0
DA:1725,0
DA:1726,0
DA:1727,0
DA:1728,0
DA:1730,0
DA:1736,1
DA:1737,0
DA:1745,1
DA:1746,1
DA:1747,0
DA:1748,0
DA:1752,0
DA:1787,0
DA:1788,0
DA:1789,0
DA:1790,0
DA:1791,0
DA:1792,0
DA:1793,0
DA:1794,0
DA:1800,0
DA:1801,0
DA:1834,2
DA:1951,0
DA:1952,0
DA:1964,0
DA:1965,0
DA:1977,0
DA:1978,0
DA:1990,0
DA:1991,0
DA:2003,0
DA:2004,0
DA:2017,0
DA:2027,0
DA:2070,0
DA:2103,0
DA:2146,0
DA:2201,0
DA:2261,0
DA:2288,0
DA:2289,0
DA:2290,0
DA:2293,0
DA:2324,0
DA:2336,0
DA:2348,0
DA:2402,0
DA:2407,0
DA:2410,0
DA:2426,0
DA:2431,0
DA:2443,0
DA:2447,0
DA:2460,0
DA:2466,0
DA:2471,0
DA:2487,0
DA:2491,0
DA:2528,0
DA:2557,0
DA:2569,0
DA:2575,0
DA:2583,0
DA:2648,0
DA:2658,0
DA:2663,0
DA:2730,0
DA:2738,0
DA:2758,0
DA:2790,0
DA:2806,0
DA:2905,0
DA:2909,0
DA:2919,0
DA:2957,0
DA:2965,0
DA:3008,0
DA:3080,0
DA:3160,20
DA:3165,0
DA:3166,0
DA:3171,0
DA:3177,0
DA:3181,0
DA:3185,0
DA:3192,0
DA:3199,0
DA:3259,0
DA:3260,0
DA:3300,0
DA:3318,0
DA:3338,0
DA:3378,0
DA:3383,0
DA:3386,0
DA:3402,0
DA:3409,0
DA:3417,0
DA:3427,0
DA:3475,0
DA:3511,0
DA:3516,0
DA:3519,0
DA:3534,0
DA:3542,0
DA:3591,0
DA:3596,0
DA:3608,0
DA:3650,0
DA:3655,0
DA:3667,0
DA:3711,0
DA:3716,0
DA:3728,0
DA:3774,0
DA:3779,0
DA:3824,0
DA:3844,0
DA:3845,0
DA:3849,0
DA:3850,0
LF:632
LH:103
BRDA:132,0,0,1
BRDA:132,0,1,0
BRDA:133,1,0,1
BRDA:133,1,1,0
BRDA:139,2,0,0
BRDA:139,2,1,1
BRDA:154,3,0,0
BRDA:154,3,1,1
BRDA:165,4,0,0
BRDA:165,4,1,0
BRDA:166,5,0,0
BRDA:166,5,1,0
BRDA:166,5,2,0
BRDA:166,5,3,0
BRDA:166,5,4,0
BRDA:166,5,5,0
BRDA:166,5,6,0
BRDA:166,5,7,0
BRDA:180,6,0,0
BRDA:180,6,1,1
BRDA:184,7,0,0
BRDA:184,7,1,0
BRDA:194,8,0,0
BRDA:194,8,1,0
BRDA:200,9,0,0
BRDA:200,9,1,0
BRDA:230,10,0,0
BRDA:230,10,1,0
BRDA:231,11,0,0
BRDA:231,11,1,0
BRDA:248,12,0,0
BRDA:248,12,1,0
BRDA:249,13,0,0
BRDA:249,13,1,0
BRDA:266,14,0,0
BRDA:266,14,1,0
BRDA:273,15,0,0
BRDA:273,15,1,0
BRDA:281,16,0,0
BRDA:281,16,1,0
BRDA:282,17,0,0
BRDA:282,17,1,0
BRDA:299,18,0,0
BRDA:299,18,1,0
BRDA:300,19,0,0
BRDA:300,19,1,0
BRDA:317,20,0,0
BRDA:317,20,1,0
BRDA:324,21,0,0
BRDA:324,21,1,0
BRDA:334,22,0,0
BRDA:334,22,1,0
BRDA:339,23,0,0
BRDA:339,23,1,0
BRDA:352,24,0,0
BRDA:352,24,1,0
BRDA:352,25,0,0
BRDA:352,25,1,0
BRDA:364,26,0,0
BRDA:364,26,1,0
BRDA:364,27,0,0
BRDA:364,27,1,0
BRDA:377,28,0,0
BRDA:377,28,1,0
BRDA:377,29,0,0
BRDA:377,29,1,0
BRDA:403,30,0,0
BRDA:403,30,1,0
BRDA:407,31,0,0
BRDA:407,31,1,0
BRDA:408,32,0,0
BRDA:408,32,1,0
BRDA:408,32,2,0
BRDA:408,32,3,0
BRDA:408,32,4,0
BRDA:408,32,5,0
BRDA:408,32,6,0
BRDA:417,33,0,0
BRDA:417,33,1,0
BRDA:418,34,0,0
BRDA:418,34,1,0
BRDA:421,35,0,0
BRDA:421,35,1,0
BRDA:440,36,0,0
BRDA:440,36,1,0
BRDA:451,37,0,0
BRDA:451,37,1,0
BRDA:457,38,0,0
BRDA:457,38,1,0
BRDA:468,39,0,0
BRDA:468,39,1,0
BRDA:469,40,0,0
BRDA:469,40,1,0
BRDA:477,41,0,0
BRDA:477,41,1,0
BRDA:487,42,0,0
BRDA:487,42,1,0
BRDA:493,43,0,0
BRDA:493,43,1,0
BRDA:502,44,0,0
BRDA:502,44,1,0
BRDA:503,45,0,0
BRDA:503,45,1,0
BRDA:525,46,0,0
BRDA:525,46,1,0
BRDA:527,47,0,0
BRDA:527,47,1,0
BRDA:528,48,0,0
BRDA:528,48,1,0
BRDA:541,49,0,0
BRDA:541,49,1,0
BRDA:542,50,0,0
BRDA:542,50,1,0
BRDA:559,51,0,0
BRDA:559,51,1,0
BRDA:584,52,0,0
BRDA:584,52,1,0
BRDA:585,53,0,0
BRDA:585,53,1,0
BRDA:607,54,0,0
BRDA:607,54,1,0
BRDA:611,55,0,0
BRDA:611,55,1,0
BRDA:615,56,0,0
BRDA:615,56,1,0
BRDA:652,57,0,0
BRDA:652,57,1,0
BRDA:665,58,0,0
BRDA:665,58,1,0
BRDA:667,59,0,0
BRDA:667,59,1,0
BRDA:668,60,0,0
BRDA:668,60,1,0
BRDA:696,61,0,0
BRDA:696,61,1,0
BRDA:700,62,0,0
BRDA:700,62,1,0
BRDA:701,63,0,0
BRDA:701,63,1,0
BRDA:705,64,0,0
BRDA:705,64,1,0
BRDA:752,65,0,0
BRDA:752,65,1,0
BRDA:770,66,0,0
BRDA:770,66,1,0
BRDA:771,67,0,0
BRDA:771,67,1,0
BRDA:785,68,0,0
BRDA:785,68,1,0
BRDA:787,69,0,0
BRDA:787,69,1,0
BRDA:788,70,0,0
BRDA:788,70,1,0
BRDA:807,71,0,0
BRDA:807,71,1,0
BRDA:812,72,0,0
BRDA:812,72,1,0
BRDA:820,73,0,0
BRDA:820,73,1,0
BRDA:822,74,0,0
BRDA:822,74,1,0
BRDA:823,75,0,0
BRDA:823,75,1,0
BRDA:838,76,0,0
BRDA:838,76,1,0
BRDA:843,77,0,0
BRDA:843,77,1,0
BRDA:849,78,0,0
BRDA:849,78,1,0
BRDA:861,79,0,0
BRDA:861,79,1,0
BRDA:871,80,0,0
BRDA:871,80,1,0
BRDA:887,81,0,0
BRDA:887,81,1,0
BRDA:887,82,0,0
BRDA:887,82,1,0
BRDA:910,83,0,0
BRDA:910,83,1,0
BRDA:910,83,2,0
BRDA:912,84,0,0
BRDA:912,84,1,0
BRDA:958,85,0,0
BRDA:958,85,1,0
BRDA:958,85,2,0
BRDA:965,86,0,0
BRDA:965,86,1,0
BRDA:970,87,0,0
BRDA:970,87,1,0
BRDA:998,88,0,0
BRDA:998,88,1,0
BRDA:1007,89,0,0
BRDA:1007,89,1,0
BRDA:1013,90,0,0
BRDA:1013,90,1,0
BRDA:1013,91,0,0
BRDA:1013,91,1,0
BRDA:1030,92,0,0
BRDA:1030,92,1,0
BRDA:1031,93,0,0
BRDA:1031,93,1,0
BRDA:1038,94,0,0
BRDA:1038,94,1,0
BRDA:1046,95,0,0
BRDA:1046,95,1,0
BRDA:1047,96,0,0
BRDA:1047,96,1,0
BRDA:1054,97,0,0
BRDA:1054,97,1,0
BRDA:1084,98,0,0
BRDA:1084,98,1,0
BRDA:1097,99,0,0
BRDA:1097,99,1,0
BRDA:1104,100,0,0
BRDA:1104,100,1,0
BRDA:1116,101,0,0
BRDA:1116,101,1,0
BRDA:1117,102,0,0
BRDA:1117,102,1,0
BRDA:1129,103,0,0
BRDA:1129,103,1,0
BRDA:1142,104,0,0
BRDA:1142,104,1,0
BRDA:1149,105,0,0
BRDA:1149,105,1,0
BRDA:1161,106,0,0
BRDA:1161,106,1,0
BRDA:1162,107,0,0
BRDA:1162,107,1,0
BRDA:1172,108,0,0
BRDA:1172,108,1,0
BRDA:1172,108,2,0
BRDA:1172,108,3,0
BRDA:1242,109,0,0
BRDA:1242,109,1,0
BRDA:1243,110,0,0
BRDA:1243,110,1,0
BRDA:1264,111,0,0
BRDA:1264,111,1,0
BRDA:1288,112,0,0
BRDA:1288,112,1,0
BRDA:1289,113,0,0
BRDA:1289,113,1,0
BRDA:1296,114,0,0
BRDA:1296,114,1,0
BRDA:1310,115,0,0
BRDA:1310,115,1,0
BRDA:1311,116,0,0
BRDA:1311,116,1,0
BRDA:1328,117,0,0
BRDA:1328,117,1,0
BRDA:1344,118,0,0
BRDA:1344,118,1,0
BRDA:1345,119,0,0
BRDA:1345,119,1,0
BRDA:1348,120,0,0
BRDA:1348,120,1,0
BRDA:1349,121,0,0
BRDA:1349,121,1,0
BRDA:1364,122,0,0
BRDA:1364,122,1,0
BRDA:1378,123,0,0
BRDA:1378,123,1,0
BRDA:1379,124,0,0
BRDA:1379,124,1,0
BRDA:1395,125,0,0
BRDA:1395,125,1,0
BRDA:1403,126,0,0
BRDA:1403,126,1,0
BRDA:1404,127,0,0
BRDA:1404,127,1,0
BRDA:1407,128,0,0
BRDA:1407,128,1,0
BRDA:1408,129,0,0
BRDA:1408,129,1,0
BRDA:1416,130,0,0
BRDA:1416,130,1,0
BRDA:1424,131,0,0
BRDA:1424,131,1,0
BRDA:1444,132,0,0
BRDA:1444,132,1,0
BRDA:1446,133,0,0
BRDA:1446,133,1,0
BRDA:1446,134,0,0
BRDA:1446,134,1,0
BRDA:1451,135,0,0
BRDA:1451,135,1,0
BRDA:1483,136,0,0
BRDA:1483,136,1,0
BRDA:1510,137,0,0
BRDA:1510,137,1,0
BRDA:1510,138,0,0
BRDA:1510,138,1,0
BRDA:1515,139,0,0
BRDA:1515,139,1,0
BRDA:1523,140,0,0
BRDA:1523,140,1,0
BRDA:1523,141,0,0
BRDA:1523,141,1,0
BRDA:1528,142,0,0
BRDA:1528,142,1,0
BRDA:1546,143,0,0
BRDA:1546,143,1,0
BRDA:1546,144,0,0
BRDA:1546,144,1,0
BRDA:1551,145,0,0
BRDA:1551,145,1,0
BRDA:1573,146,0,0
BRDA:1573,146,1,0
BRDA:1573,147,0,0
BRDA:1573,147,1,0
BRDA:1579,148,0,0
BRDA:1579,148,1,0
BRDA:1596,149,0,0
BRDA:1596,149,1,0
BRDA:1600,150,0,0
BRDA:1600,150,1,0
BRDA:1600,151,0,0
BRDA:1600,151,1,0
BRDA:1623,152,0,0
BRDA:1623,152,1,0
BRDA:1624,153,0,0
BRDA:1624,153,1,0
BRDA:1634,154,0,0
BRDA:1634,154,1,0
BRDA:1639,155,0,0
BRDA:1639,155,1,0
BRDA:1640,156,0,0
BRDA:1640,156,1,0
BRDA:1658,157,0,0
BRDA:1658,157,1,0
BRDA:1663,158,0,0
BRDA:1663,158,1,0
BRDA:1676,159,0,0
BRDA:1676,159,1,0
BRDA:1678,160,0,0
BRDA:1678,160,1,0
BRDA:1679,161,0,0
BRDA:1679,161,1,0
BRDA:1686,162,0,0
BRDA:1686,162,1,0
BRDA:1695,163,0,0
BRDA:1695,163,1,0
BRDA:1708,164,0,0
BRDA:1708,164,1,0
BRDA:1715,165,0,0
BRDA:1715,165,1,0
BRDA:1726,166,0,0
BRDA:1726,166,1,0
BRDA:1727,167,0,0
BRDA:1727,167,1,0
BRDA:1736,168,0,0
BRDA:1736,168,1,1
BRDA:1745,169,0,1
BRDA:1745,169,1,0
BRDA:1746,170,0,0
BRDA:1746,170,1,1
BRDA:1747,171,0,0
BRDA:1747,171,1,0
BRDA:1787,172,0,0
BRDA:1787,172,1,0
BRDA:1800,173,0,0
BRDA:1800,173,1,0
BRDA:1838,174,0,2
BRDA:1838,174,1,0
BRDA:1838,175,0,2
BRDA:1838,175,1,2
BRDA:1838,175,2,2
BRDA:1838,175,3,2
BRDA:1853,176,0,2
BRDA:1853,176,1,1
BRDA:1853,176,2,1
BRDA:1853,176,3,0
BRDA:1853,176,4,0
BRDA:1861,177,0,2
BRDA:1861,177,1,1
BRDA:1861,177,2,1
BRDA:1861,177,3,0
BRDA:1861,177,4,0
BRDA:1869,178,0,2
BRDA:1869,178,1,1
BRDA:1869,178,2,1
BRDA:1869,178,3,0
BRDA:1869,178,4,0
BRDA:1878,179,0,2
BRDA:1878,179,1,1
BRDA:1878,179,2,1
BRDA:1878,179,3,0
BRDA:1878,179,4,0
BRDA:1885,180,0,2
BRDA:1885,180,1,1
BRDA:1885,180,2,1
BRDA:1885,180,3,1
BRDA:1885,180,4,0
BRDA:1885,180,5,0
BRDA:1885,180,6,0
BRDA:1885,180,7,1
BRDA:1899,181,0,2
BRDA:1899,181,1,1
BRDA:1902,182,0,1
BRDA:1902,182,1,0
BRDA:1916,183,0,1
BRDA:1916,183,1,1
BRDA:1933,184,0,1
BRDA:1933,184,1,1
BRDA:1933,184,2,0
BRDA:1933,184,3,1
BRDA:1946,185,0,0
BRDA:1946,185,1,1
BRDA:1959,186,0,0
BRDA:1959,186,1,1
BRDA:1972,187,0,0
BRDA:1972,187,1,1
BRDA:1985,188,0,0
BRDA:1985,188,1,1
BRDA:1998,189,0,0
BRDA:1998,189,1,1
BRDA:2035,190,0,1
BRDA:2035,190,1,1
BRDA:2035,190,2,0
BRDA:2035,190,3,0
BRDA:2039,191,0,0
BRDA:2039,191,1,0
BRDA:2101,192,0,1
BRDA:2101,192,1,1
BRDA:2118,193,0,1
BRDA:2118,193,1,1
BRDA:2238,194,0,2
BRDA:2238,194,1,2
BRDA:2278,195,0,0
BRDA:2278,195,1,2
BRDA:2288,196,0,0
BRDA:2288,196,1,0
BRDA:2289,197,0,0
BRDA:2289,197,1,0
BRDA:2300,198,0,0
BRDA:2300,198,1,2
BRDA:2319,199,0,0
BRDA:2319,199,1,2
BRDA:2319,200,0,2
BRDA:2319,200,1,2
BRDA:2331,201,0,0
BRDA:2331,201,1,2
BRDA:2331,202,0,2
BRDA:2331,202,1,2
BRDA:2343,203,0,0
BRDA:2343,203,1,2
BRDA:2343,204,0,2
BRDA:2343,204,1,2
BRDA:2354,205,0,2
BRDA:2354,205,1,0
BRDA:2354,205,2,0
BRDA:2367,206,0,0
BRDA:2367,206,1,0
BRDA:2398,207,0,0
BRDA:2398,207,1,0
BRDA:2431,208,0,0
BRDA:2431,208,1,0
BRDA:2432,209,0,0
BRDA:2432,209,1,0
BRDA:2432,209,2,0
BRDA:2432,209,3,0
BRDA:2432,209,4,0
BRDA:2432,209,5,0
BRDA:2432,209,6,0
BRDA:2432,209,7,0
BRDA:2432,209,8,0
BRDA:2457,210,0,0
BRDA:2457,210,1,0
BRDA:2471,211,0,0
BRDA:2471,211,1,0
BRDA:2472,212,0,0
BRDA:2472,212,1,0
BRDA:2472,212,2,0
BRDA:2472,212,3,0
BRDA:2472,212,4,0
BRDA:2472,212,5,0
BRDA:2472,212,6,0
BRDA:2472,212,7,0
BRDA:2472,212,8,0
BRDA:2536,213,0,2
BRDA:2536,213,1,0
BRDA:2543,214,0,2
BRDA:2543,214,1,2
BRDA:2543,214,2,0
BRDA:2567,215,0,2
BRDA:2567,215,1,2
BRDA:2641,216,0,2
BRDA:2641,216,1,2
BRDA:2646,217,0,2
BRDA:2646,217,1,2
BRDA:2653,218,0,0
BRDA:2653,218,1,0
BRDA:2683,219,0,2
BRDA:2683,219,1,0
BRDA:2704,220,0,2
BRDA:2704,220,1,2
BRDA:2723,221,0,2
BRDA:2723,221,1,0
BRDA:2755,222,0,0
BRDA:2755,222,1,0
BRDA:2863,223,0,2
BRDA:2863,223,1,2
BRDA:2899,224,0,2
BRDA:2899,224,1,0
BRDA:2930,225,0,2
BRDA:2930,225,1,2
BRDA:2952,226,0,2
BRDA:2952,226,1,0
BRDA:2977,227,0,2
BRDA:2977,227,1,2
BRDA:3068,228,0,2
BRDA:3068,228,1,2
BRDA:3106,229,0,2
BRDA:3106,229,1,0
BRDA:3115,230,0,2
BRDA:3115,230,1,2
BRDA:3138,231,0,2
BRDA:3138,231,1,2
BRDA:3158,232,0,2
BRDA:3158,232,1,2
BRDA:3171,233,0,0
BRDA:3171,233,1,0
BRDA:3172,234,0,0
BRDA:3172,234,1,0
BRDA:3181,235,0,0
BRDA:3181,235,1,0
BRDA:3192,236,0,0
BRDA:3192,236,1,0
BRDA:3193,237,0,0
BRDA:3193,237,1,0
BRDA:3248,238,0,0
BRDA:3248,238,1,2
BRDA:3265,239,0,2
BRDA:3265,239,1,2
BRDA:3268,240,0,2
BRDA:3268,240,1,0
BRDA:3279,241,0,2
BRDA:3279,241,1,0
BRDA:3282,242,0,0
BRDA:3282,242,1,0
BRDA:3313,243,0,2
BRDA:3313,243,1,0
BRDA:3313,243,2,0
BRDA:3323,244,0,2
BRDA:3323,244,1,2
BRDA:3323,244,2,2
BRDA:3333,245,0,2
BRDA:3333,245,1,0
BRDA:3333,245,2,0
BRDA:3344,246,0,2
BRDA:3344,246,1,2
BRDA:3344,246,2,0
BRDA:3374,247,0,2
BRDA:3374,247,1,0
BRDA:3399,248,0,2
BRDA:3399,248,1,2
BRDA:3399,248,2,2
BRDA:3402,249,0,0
BRDA:3402,249,1,0
BRDA:3402,249,2,0
BRDA:3402,249,3,0
BRDA:3402,249,4,0
BRDA:3412,250,0,0
BRDA:3412,250,1,0
BRDA:3507,251,0,2
BRDA:3507,251,1,0
BRDA:3532,252,0,2
BRDA:3532,252,1,2
BRDA:3537,253,0,0
BRDA:3537,253,1,0
BRDA:3563,254,0,2
BRDA:3563,254,1,2
BRDA:3563,254,2,0
BRDA:3563,254,3,0
BRDA:3563,254,4,0
BRDA:3563,254,5,0
BRDA:3563,254,6,0
BRDA:3563,254,7,0
BRDA:3563,254,8,0
BRDA:3563,254,9,0
BRDA:3575,255,0,0
BRDA:3575,255,1,0
BRDA:3603,256,0,0
BRDA:3603,256,1,0
BRDA:3621,257,0,2
BRDA:3621,257,1,2
BRDA:3621,257,2,2
BRDA:3621,257,3,0
BRDA:3621,257,4,0
BRDA:3621,257,5,0
BRDA:3621,257,6,0
BRDA:3621,257,7,0
BRDA:3621,257,8,0
BRDA:3621,257,9,0
BRDA:3633,258,0,0
BRDA:3633,258,1,0
BRDA:3662,259,0,0
BRDA:3662,259,1,0
BRDA:3680,260,0,2
BRDA:3680,260,1,2
BRDA:3680,260,2,0
BRDA:3680,260,3,2
BRDA:3680,260,4,0
BRDA:3680,260,5,0
BRDA:3680,260,6,0
BRDA:3680,260,7,0
BRDA:3680,260,8,0
BRDA:3680,260,9,0
BRDA:3680,260,10,0
BRDA:3694,261,0,0
BRDA:3694,261,1,0
BRDA:3723,262,0,0
BRDA:3723,262,1,0
BRDA:3741,263,0,2
BRDA:3741,263,1,2
BRDA:3741,263,2,0
BRDA:3741,263,3,2
BRDA:3741,263,4,0
BRDA:3741,263,5,0
BRDA:3741,263,6,0
BRDA:3741,263,7,0
BRDA:3741,263,8,0
BRDA:3741,263,9,0
BRDA:3741,263,10,0
BRDA:3741,263,11,0
BRDA:3756,264,0,0
BRDA:3756,264,1,0
BRDA:3769,265,0,0
BRDA:3769,265,1,0
BRDA:3844,266,0,0
BRDA:3844,266,1,0
BRDA:3875,267,0,2
BRDA:3875,267,1,0
BRDA:3892,268,0,2
BRDA:3892,268,1,0
BRDA:3906,269,0,2
BRDA:3906,269,1,0
BRDA:3923,270,0,2
BRDA:3923,270,1,2
BRF:640
BRH:128
end_of_record
TN:
SF:src/components/collections/views/competencies/ColumnTwo.js
FN:25,(anonymous_0)
FN:50,(anonymous_1)
FN:56,(anonymous_2)
FN:67,(anonymous_3)
FN:73,(anonymous_4)
FN:75,(anonymous_5)
FN:88,(anonymous_6)
FN:103,(anonymous_7)
FN:146,(anonymous_8)
FN:166,(anonymous_9)
FN:173,(anonymous_10)
FN:191,(anonymous_11)
FN:193,(anonymous_12)
FN:207,(anonymous_13)
FN:210,(anonymous_14)
FN:211,(anonymous_15)
FN:221,(anonymous_16)
FN:222,(anonymous_17)
FN:253,(anonymous_18)
FN:256,(anonymous_19)
FN:257,(anonymous_20)
FN:267,(anonymous_21)
FN:268,(anonymous_22)
FN:299,(anonymous_23)
FN:349,(anonymous_24)
FN:364,(anonymous_25)
FN:380,(anonymous_26)
FN:391,(anonymous_27)
FN:418,(anonymous_28)
FN:423,(anonymous_29)
FN:441,(anonymous_30)
FN:492,(anonymous_31)
FN:511,(anonymous_32)
FN:528,(anonymous_33)
FN:547,(anonymous_34)
FN:587,(anonymous_35)
FN:600,(anonymous_36)
FN:611,(anonymous_37)
FN:631,(anonymous_38)
FN:644,(anonymous_39)
FN:655,(anonymous_40)
FN:681,(anonymous_41)
FN:687,(anonymous_42)
FN:713,(anonymous_43)
FN:739,(anonymous_44)
FNF:45
FNH:3
FNDA:1,(anonymous_0)
FNDA:1,(anonymous_1)
FNDA:0,(anonymous_2)
FNDA:0,(anonymous_3)
FNDA:0,(anonymous_4)
FNDA:0,(anonymous_5)
FNDA:0,(anonymous_6)
FNDA:0,(anonymous_7)
FNDA:0,(anonymous_8)
FNDA:0,(anonymous_9)
FNDA:0,(anonymous_10)
FNDA:0,(anonymous_11)
FNDA:0,(anonymous_12)
FNDA:0,(anonymous_13)
FNDA:0,(anonymous_14)
FNDA:0,(anonymous_15)
FNDA:0,(anonymous_16)
FNDA:0,(anonymous_17)
FNDA:0,(anonymous_18)
FNDA:0,(anonymous_19)
FNDA:0,(anonymous_20)
FNDA:0,(anonymous_21)
FNDA:0,(anonymous_22)
FNDA:0,(anonymous_23)
FNDA:0,(anonymous_24)
FNDA:0,(anonymous_25)
FNDA:0,(anonymous_26)
FNDA:1,(anonymous_27)
FNDA:0,(anonymous_28)
FNDA:0,(anonymous_29)
FNDA:0,(anonymous_30)
FNDA:0,(anonymous_31)
FNDA:0,(anonymous_32)
FNDA:0,(anonymous_33)
FNDA:0,(anonymous_34)
FNDA:0,(anonymous_35)
FNDA:0,(anonymous_36)
FNDA:0,(anonymous_37)
FNDA:0,(anonymous_38)
FNDA:0,(anonymous_39)
FNDA:0,(anonymous_40)
FNDA:0,(anonymous_41)
FNDA:0,(anonymous_42)
FNDA:0,(anonymous_43)
FNDA:0,(anonymous_44)
DA:12,2
DA:26,1
DA:27,1
DA:40,1
DA:41,1
DA:42,1
DA:43,1
DA:44,1
DA:45,1
DA:46,1
DA:47,1
DA:51,1
DA:52,0
DA:56,1
DA:57,0
DA:61,0
DA:63,0
DA:68,0
DA:73,1
DA:74,0
DA:75,0
DA:76,0
DA:80,0
DA:84,0
DA:88,0
DA:89,0
DA:93,0
DA:97,0
DA:103,1
DA:105,0
DA:106,0
DA:110,0
DA:116,0
DA:118,0
DA:119,0
DA:125,0
DA:126,0
DA:128,0
DA:131,0
DA:132,0
DA:135,0
DA:136,0
DA:137,0
DA:138,0
DA:139,0
DA:141,0
DA:146,1
DA:148,0
DA:149,0
DA:150,0
DA:151,0
DA:154,0
DA:155,0
DA:156,0
DA:157,0
DA:158,0
DA:160,0
DA:161,0
DA:166,1
DA:167,0
DA:168,0
DA:169,0
DA:174,0
DA:180,0
DA:185,0
DA:191,1
DA:192,0
DA:193,0
DA:194,0
DA:198,0
DA:202,0
DA:207,1
DA:209,0
DA:210,0
DA:211,0
DA:214,0
DA:217,0
DA:222,0
DA:223,0
DA:227,0
DA:228,0
DA:232,0
DA:237,0
DA:245,0
DA:249,0
DA:253,1
DA:255,0
DA:256,0
DA:257,0
DA:260,0
DA:263,0
DA:268,0
DA:269,0
DA:273,0
DA:274,0
DA:278,0
DA:283,0
DA:291,0
DA:295,0
DA:299,1
DA:301,0
DA:305,0
DA:314,0
DA:318,0
DA:327,0
DA:331,0
DA:345,0
DA:348,0
DA:349,0
DA:350,0
DA:354,0
DA:358,0
DA:365,0
DA:366,0
DA:368,0
DA:374,0
DA:379,0
DA:380,0
DA:381,0
DA:385,0
DA:392,1
DA:419,0
DA:424,0
DA:425,0
DA:442,0
DA:443,0
DA:493,0
DA:512,0
DA:529,0
DA:548,0
DA:588,0
DA:601,0
DA:612,0
DA:632,0
DA:645,0
DA:656,0
DA:682,0
DA:688,0
DA:713,0
DA:740,0
LF:140
LH:22
BRDA:51,0,0,0
BRDA:51,0,1,1
BRDA:74,1,0,0
BRDA:74,1,1,0
BRDA:76,2,0,0
BRDA:76,2,1,0
BRDA:77,3,0,0
BRDA:77,3,1,0
BRDA:84,4,0,0
BRDA:84,4,1,0
BRDA:89,5,0,0
BRDA:89,5,1,0
BRDA:90,6,0,0
BRDA:90,6,1,0
BRDA:97,7,0,0
BRDA:97,7,1,0
BRDA:105,8,0,0
BRDA:105,8,1,0
BRDA:118,9,0,0
BRDA:118,9,1,0
BRDA:125,10,0,0
BRDA:125,10,1,0
BRDA:137,11,0,0
BRDA:137,11,1,0
BRDA:138,12,0,0
BRDA:138,12,1,0
BRDA:156,13,0,0
BRDA:156,13,1,0
BRDA:180,14,0,0
BRDA:180,14,1,0
BRDA:181,15,0,0
BRDA:181,15,1,0
BRDA:181,15,2,0
BRDA:194,16,0,0
BRDA:194,16,1,0
BRDA:195,17,0,0
BRDA:195,17,1,0
BRDA:202,18,0,0
BRDA:202,18,1,0
BRDA:209,19,0,0
BRDA:209,19,1,0
BRDA:223,20,0,0
BRDA:223,20,1,0
BRDA:224,21,0,0
BRDA:224,21,1,0
BRDA:227,22,0,0
BRDA:227,22,1,0
BRDA:245,23,0,0
BRDA:245,23,1,0
BRDA:246,24,0,0
BRDA:246,24,1,0
BRDA:255,25,0,0
BRDA:255,25,1,0
BRDA:269,26,0,0
BRDA:269,26,1,0
BRDA:270,27,0,0
BRDA:270,27,1,0
BRDA:273,28,0,0
BRDA:273,28,1,0
BRDA:291,29,0,0
BRDA:291,29,1,0
BRDA:292,30,0,0
BRDA:292,30,1,0
BRDA:301,31,0,0
BRDA:301,31,1,0
BRDA:302,32,0,0
BRDA:302,32,1,0
BRDA:314,33,0,0
BRDA:314,33,1,0
BRDA:315,34,0,0
BRDA:315,34,1,0
BRDA:327,35,0,0
BRDA:327,35,1,0
BRDA:328,36,0,0
BRDA:328,36,1,0
BRDA:348,37,0,0
BRDA:348,37,1,0
BRDA:350,38,0,0
BRDA:350,38,1,0
BRDA:351,39,0,0
BRDA:351,39,1,0
BRDA:358,40,0,0
BRDA:358,40,1,0
BRDA:365,41,0,0
BRDA:365,41,1,0
BRDA:368,42,0,0
BRDA:368,42,1,0
BRDA:369,43,0,0
BRDA:369,43,1,0
BRDA:369,43,2,0
BRDA:381,44,0,0
BRDA:381,44,1,0
BRDA:382,45,0,0
BRDA:382,45,1,0
BRDA:415,46,0,1
BRDA:415,46,1,0
BRDA:446,47,0,1
BRDA:446,47,1,1
BRDA:446,47,2,0
BRDA:455,48,0,1
BRDA:455,48,1,1
BRDA:455,48,2,1
BRDA:485,49,0,1
BRDA:485,49,1,0
BRDA:488,50,0,0
BRDA:488,50,1,0
BRDA:504,51,0,1
BRDA:504,51,1,1
BRDA:507,52,0,0
BRDA:507,52,1,1
BRDA:521,53,0,1
BRDA:521,53,1,0
BRDA:524,54,0,0
BRDA:524,54,1,0
BRDA:540,55,0,1
BRDA:540,55,1,1
BRDA:543,56,0,0
BRDA:543,56,1,1
BRDA:562,57,0,1
BRDA:562,57,1,0
BRDA:582,58,0,1
BRDA:582,58,1,0
BRDA:586,59,0,0
BRDA:586,59,1,0
BRDA:593,60,0,0
BRDA:593,60,1,0
BRDA:605,61,0,0
BRDA:605,61,1,0
BRDA:627,62,0,1
BRDA:627,62,1,0
BRDA:630,63,0,0
BRDA:630,63,1,0
BRDA:637,64,0,0
BRDA:637,64,1,0
BRDA:649,65,0,0
BRDA:649,65,1,0
BRDA:675,66,0,1
BRDA:675,66,1,1
BRDA:675,66,2,0
BRDA:708,67,0,1
BRDA:708,67,1,1
BRDA:708,67,2,0
BRDA:720,68,0,1
BRDA:720,68,1,1
BRDA:720,68,2,1
BRDA:755,69,0,0
BRDA:755,69,1,0
BRDA:755,70,0,0
BRDA:755,70,1,0
BRDA:767,71,0,0
BRDA:767,71,1,0
BRDA:767,71,2,0
BRDA:777,72,0,0
BRDA:777,72,1,0
BRDA:777,72,2,0
BRDA:784,73,0,0
BRDA:784,73,1,0
BRDA:784,73,2,0
BRDA:791,74,0,0
BRDA:791,74,1,0
BRDA:791,74,2,0
BRDA:807,75,0,1
BRDA:807,75,1,1
BRDA:807,75,2,1
BRDA:807,75,3,0
BRDA:807,75,4,0
BRDA:820,76,0,0
BRDA:820,76,1,0
BRDA:820,77,0,0
BRDA:820,77,1,0
BRF:170
BRH:28
end_of_record
TN:
SF:src/components/collections/views/knowledgeResources/ColumnThree.js
FN:17,(anonymous_0)
FN:89,(anonymous_1)
FN:96,(anonymous_2)
FN:112,(anonymous_3)
FN:125,(anonymous_4)
FN:135,(anonymous_5)
FN:145,(anonymous_6)
FN:155,(anonymous_7)
FN:200,(anonymous_8)
FN:233,(anonymous_9)
FN:245,(anonymous_10)
FN:263,(anonymous_11)
FN:264,(anonymous_12)
FN:283,(anonymous_13)
FN:303,(anonymous_14)
FN:324,(anonymous_15)
FN:342,(anonymous_16)
FN:351,(anonymous_17)
FN:388,(anonymous_18)
FN:397,(anonymous_19)
FN:431,(anonymous_20)
FN:440,(anonymous_21)
FN:472,(anonymous_22)
FN:482,(anonymous_23)
FN:494,(anonymous_24)
FN:495,(anonymous_25)
FN:504,(anonymous_26)
FN:518,(anonymous_27)
FN:527,(anonymous_28)
FN:566,(anonymous_29)
FN:582,(anonymous_30)
FN:611,(anonymous_31)
FN:637,(anonymous_32)
FN:752,(anonymous_33)
FN:753,(anonymous_34)
FN:768,(anonymous_35)
FN:777,(anonymous_36)
FN:792,(anonymous_37)
FN:814,(anonymous_38)
FN:816,(anonymous_39)
FN:830,(anonymous_40)
FN:857,(anonymous_41)
FN:885,(anonymous_42)
FN:897,(anonymous_43)
FN:904,(anonymous_44)
FN:906,(anonymous_45)
FN:920,(anonymous_46)
FN:946,(anonymous_47)
FN:974,(anonymous_48)
FN:986,(anonymous_49)
FN:987,(anonymous_50)
FN:1014,(anonymous_51)
FN:1022,(anonymous_52)
FN:1029,(anonymous_53)
FN:1030,(anonymous_54)
FN:1044,(anonymous_55)
FN:1051,(anonymous_56)
FN:1061,(anonymous_57)
FN:1062,(anonymous_58)
FN:1075,(anonymous_59)
FN:1083,(anonymous_60)
FN:1084,(anonymous_61)
FN:1099,(anonymous_62)
FN:1110,(anonymous_63)
FN:1117,(anonymous_64)
FN:1126,(anonymous_65)
FN:1127,(anonymous_66)
FN:1140,(anonymous_67)
FN:1141,(anonymous_68)
FN:1160,(anonymous_69)
FN:1163,(anonymous_70)
FN:1167,(anonymous_71)
FN:1169,(anonymous_72)
FN:1185,(anonymous_73)
FN:1225,(anonymous_74)
FN:1264,(anonymous_75)
FN:1346,(anonymous_76)
FN:1349,(anonymous_77)
FN:1361,(anonymous_78)
FN:1364,(anonymous_79)
FN:1376,(anonymous_80)
FN:1379,(anonymous_81)
FN:1391,(anonymous_82)
FN:1394,(anonymous_83)
FN:1406,(anonymous_84)
FN:1409,(anonymous_85)
FN:1422,(anonymous_86)
FN:1432,(anonymous_87)
FN:1474,(anonymous_88)
FN:1507,(anonymous_89)
FN:1551,(anonymous_90)
FN:1605,(anonymous_91)
FN:1667,(anonymous_92)
FN:1692,(anonymous_93)
FN:1732,(anonymous_94)
FN:1760,(anonymous_95)
FN:1818,(anonymous_96)
FN:1871,(anonymous_97)
FN:1876,(anonymous_98)
FN:1915,(anonymous_99)
FN:2010,(anonymous_100)
FN:2067,(anonymous_101)
FN:2072,(anonymous_102)
FN:2083,(anonymous_103)
FN:2119,(anonymous_104)
FN:2124,(anonymous_105)
FN:2135,(anonymous_106)
FN:2176,(anonymous_107)
FN:2181,(anonymous_108)
FN:2225,(anonymous_109)
FN:2238,(anonymous_110)
FN:2410,(anonymous_111)
FN:2415,(anonymous_112)
FN:2433,(anonymous_113)
FN:2443,(anonymous_114)
FNF:115
FNH:5
FNDA:1,(anonymous_0)
FNDA:1,(anonymous_1)
FNDA:1,(anonymous_2)
FNDA:0,(anonymous_3)
FNDA:0,(anonymous_4)
FNDA:0,(anonymous_5)
FNDA:0,(anonymous_6)
FNDA:0,(anonymous_7)
FNDA:0,(anonymous_8)
FNDA:0,(anonymous_9)
FNDA:0,(anonymous_10)
FNDA:0,(anonymous_11)
FNDA:0,(anonymous_12)
FNDA:0,(anonymous_13)
FNDA:0,(anonymous_14)
FNDA:0,(anonymous_15)
FNDA:0,(anonymous_16)
FNDA:0,(anonymous_17)
FNDA:0,(anonymous_18)
FNDA:0,(anonymous_19)
FNDA:0,(anonymous_20)
FNDA:0,(anonymous_21)
FNDA:0,(anonymous_22)
FNDA:0,(anonymous_23)
FNDA:0,(anonymous_24)
FNDA:0,(anonymous_25)
FNDA:0,(anonymous_26)
FNDA:0,(anonymous_27)
FNDA:0,(anonymous_28)
FNDA:0,(anonymous_29)
FNDA:0,(anonymous_30)
FNDA:0,(anonymous_31)
FNDA:0,(anonymous_32)
FNDA:0,(anonymous_33)
FNDA:0,(anonymous_34)
FNDA:0,(anonymous_35)
FNDA:0,(anonymous_36)
FNDA:0,(anonymous_37)
FNDA:0,(anonymous_38)
FNDA:0,(anonymous_39)
FNDA:0,(anonymous_40)
FNDA:0,(anonymous_41)
FNDA:0,(anonymous_42)
FNDA:0,(anonymous_43)
FNDA:0,(anonymous_44)
FNDA:0,(anonymous_45)
FNDA:0,(anonymous_46)
FNDA:0,(anonymous_47)
FNDA:0,(anonymous_48)
FNDA:0,(anonymous_49)
FNDA:0,(anonymous_50)
FNDA:0,(anonymous_51)
FNDA:0,(anonymous_52)
FNDA:0,(anonymous_53)
FNDA:0,(anonymous_54)
FNDA:0,(anonymous_55)
FNDA:0,(anonymous_56)
FNDA:0,(anonymous_57)
FNDA:0,(anonymous_58)
FNDA:0,(anonymous_59)
FNDA:0,(anonymous_60)
FNDA:0,(anonymous_61)
FNDA:0,(anonymous_62)
FNDA:0,(anonymous_63)
FNDA:0,(anonymous_64)
FNDA:0,(anonymous_65)
FNDA:0,(anonymous_66)
FNDA:0,(anonymous_67)
FNDA:0,(anonymous_68)
FNDA:0,(anonymous_69)
FNDA:0,(anonymous_70)
FNDA:0,(anonymous_71)
FNDA:0,(anonymous_72)
FNDA:1,(anonymous_73)
FNDA:0,(anonymous_74)
FNDA:2,(anonymous_75)
FNDA:0,(anonymous_76)
FNDA:0,(anonymous_77)
FNDA:0,(anonymous_78)
FNDA:0,(anonymous_79)
FNDA:0,(anonymous_80)
FNDA:0,(anonymous_81)
FNDA:0,(anonymous_82)
FNDA:0,(anonymous_83)
FNDA:0,(anonymous_84)
FNDA:0,(anonymous_85)
FNDA:0,(anonymous_86)
FNDA:0,(anonymous_87)
FNDA:0,(anonymous_88)
FNDA:0,(anonymous_89)
FNDA:0,(anonymous_90)
FNDA:0,(anonymous_91)
FNDA:0,(anonymous_92)
FNDA:0,(anonymous_93)
FNDA:0,(anonymous_94)
FNDA:0,(anonymous_95)
FNDA:0,(anonymous_96)
FNDA:0,(anonymous_97)
FNDA:0,(anonymous_98)
FNDA:0,(anonymous_99)
FNDA:0,(anonymous_100)
FNDA:0,(anonymous_101)
FNDA:0,(anonymous_102)
FNDA:0,(anonymous_103)
FNDA:0,(anonymous_104)
FNDA:0,(anonymous_105)
FNDA:0,(anonymous_106)
FNDA:0,(anonymous_107)
FNDA:0,(anonymous_108)
FNDA:0,(anonymous_109)
FNDA:0,(anonymous_110)
FNDA:0,(anonymous_111)
FNDA:0,(anonymous_112)
FNDA:0,(anonymous_113)
FNDA:0,(anonymous_114)
DA:18,1
DA:19,1
DA:56,1
DA:57,1
DA:58,1
DA:62,1
DA:63,1
DA:64,1
DA:65,1
DA:66,1
DA:67,1
DA:68,1
DA:69,1
DA:70,1
DA:71,1
DA:72,1
DA:73,1
DA:74,1
DA:75,1
DA:76,1
DA:77,1
DA:78,1
DA:79,1
DA:80,1
DA:81,1
DA:82,1
DA:83,1
DA:84,1
DA:85,1
DA:90,1
DA:91,1
DA:92,1
DA:97,1
DA:98,0
DA:99,0
DA:100,0
DA:101,0
DA:102,0
DA:109,1
DA:110,0
DA:113,0
DA:114,0
DA:119,0
DA:125,1
DA:126,0
DA:135,1
DA:136,0
DA:137,0
DA:146,0
DA:155,1
DA:158,0
DA:159,0
DA:163,0
DA:169,0
DA:171,0
DA:172,0
DA:178,0
DA:179,0
DA:181,0
DA:184,0
DA:185,0
DA:188,0
DA:189,0
DA:190,0
DA:191,0
DA:192,0
DA:194,0
DA:200,1
DA:201,0
DA:202,0
DA:205,0
DA:206,0
DA:208,0
DA:209,0
DA:220,0
DA:233,0
DA:234,0
DA:235,0
DA:238,0
DA:245,0
DA:246,0
DA:250,0
DA:251,0
DA:253,0
DA:256,0
DA:264,0
DA:265,0
DA:266,0
DA:272,0
DA:283,0
DA:284,0
DA:285,0
DA:293,0
DA:297,0
DA:303,1
DA:306,0
DA:307,0
DA:308,0
DA:309,0
DA:312,0
DA:313,0
DA:314,0
DA:315,0
DA:316,0
DA:318,0
DA:324,1
DA:325,0
DA:328,0
DA:329,0
DA:333,0
DA:342,0
DA:343,0
DA:347,0
DA:352,0
DA:361,0
DA:365,0
DA:371,0
DA:375,0
DA:379,0
DA:388,0
DA:389,0
DA:393,0
DA:398,0
DA:407,0
DA:411,0
DA:417,0
DA:418,0
DA:422,0
DA:431,0
DA:432,0
DA:436,0
DA:441,0
DA:450,0
DA:454,0
DA:459,0
DA:464,0
DA:472,1
DA:473,0
DA:482,1
DA:483,0
DA:484,0
DA:494,0
DA:495,0
DA:496,0
DA:500,0
DA:505,0
DA:512,0
DA:513,0
DA:517,0
DA:519,0
DA:522,0
DA:526,0
DA:528,0
DA:532,0
DA:537,0
DA:538,0
DA:542,0
DA:547,0
DA:552,0
DA:566,1
DA:567,0
DA:568,0
DA:570,0
DA:572,0
DA:573,0
DA:575,0
DA:583,0
DA:589,0
DA:593,0
DA:599,0
DA:604,0
DA:612,0
DA:618,0
DA:622,0
DA:628,0
DA:630,0
DA:638,0
DA:644,0
DA:648,0
DA:654,0
DA:656,0
DA:659,0
DA:752,1
DA:753,0
DA:754,0
DA:758,0
DA:762,0
DA:768,1
DA:769,0
DA:770,0
DA:777,1
DA:778,0
DA:779,0
DA:780,0
DA:781,0
DA:782,0
DA:792,1
DA:793,0
DA:794,0
DA:799,0
DA:806,0
DA:814,1
DA:815,0
DA:816,0
DA:817,0
DA:818,0
DA:819,0
DA:823,0
DA:826,0
DA:831,0
DA:833,0
DA:834,0
DA:845,0
DA:857,0
DA:858,0
DA:862,0
DA:863,0
DA:865,0
DA:868,0
DA:874,0
DA:885,0
DA:886,0
DA:889,0
DA:897,1
DA:898,0
DA:904,1
DA:905,0
DA:906,0
DA:907,0
DA:908,0
DA:909,0
DA:913,0
DA:916,0
DA:922,0
DA:923,0
DA:934,0
DA:946,0
DA:947,0
DA:951,0
DA:952,0
DA:954,0
DA:957,0
DA:963,0
DA:974,0
DA:975,0
DA:978,0
DA:986,1
DA:987,0
DA:988,0
DA:992,0
DA:993,0
DA:999,0
DA:1009,0
DA:1014,1
DA:1015,0
DA:1017,0
DA:1022,1
DA:1023,0
DA:1029,1
DA:1030,0
DA:1031,0
DA:1035,0
DA:1039,0
DA:1044,1
DA:1045,0
DA:1046,0
DA:1051,0
DA:1052,0
DA:1056,0
DA:1062,0
DA:1063,0
DA:1068,0
DA:1070,0
DA:1075,1
DA:1076,0
DA:1077,0
DA:1083,1
DA:1084,0
DA:1085,0
DA:1089,0
DA:1093,0
DA:1100,0
DA:1105,0
DA:1110,1
DA:1111,0
DA:1112,0
DA:1117,0
DA:1118,0
DA:1122,0
DA:1127,0
DA:1128,0
DA:1133,0
DA:1135,0
DA:1140,1
DA:1141,0
DA:1142,0
DA:1146,0
DA:1150,0
DA:1155,0
DA:1160,1
DA:1161,0
DA:1163,0
DA:1164,0
DA:1167,1
DA:1168,0
DA:1169,0
DA:1170,0
DA:1174,0
DA:1178,0
DA:1186,1
DA:1187,0
DA:1195,1
DA:1196,1
DA:1197,0
DA:1226,0
DA:1227,0
DA:1228,0
DA:1229,0
DA:1230,0
DA:1231,0
DA:1237,0
DA:1238,0
DA:1265,2
DA:1347,0
DA:1349,0
DA:1362,0
DA:1364,0
DA:1377,0
DA:1379,0
DA:1392,0
DA:1394,0
DA:1407,0
DA:1409,0
DA:1422,0
DA:1432,0
DA:1475,0
DA:1508,0
DA:1551,0
DA:1606,0
DA:1667,0
DA:1693,0
DA:1694,0
DA:1695,0
DA:1698,0
DA:1733,0
DA:1761,0
DA:1762,0
DA:1818,0
DA:1839,0
DA:1871,0
DA:1877,0
DA:1878,0
DA:1916,0
DA:1917,0
DA:2011,0
DA:2035,0
DA:2068,0
DA:2073,0
DA:2084,0
DA:2120,0
DA:2125,0
DA:2136,0
DA:2177,0
DA:2182,0
DA:2226,0
DA:2239,0
DA:2240,0
DA:2411,0
DA:2416,0
DA:2419,0
DA:2434,0
DA:2444,0
LF:372
LH:65
BRDA:90,0,0,1
BRDA:90,0,1,0
BRDA:91,1,0,1
BRDA:91,1,1,0
BRDA:97,2,0,0
BRDA:97,2,1,1
BRDA:109,3,0,0
BRDA:109,3,1,1
BRDA:114,4,0,0
BRDA:114,4,1,0
BRDA:115,5,0,0
BRDA:115,5,1,0
BRDA:115,5,2,0
BRDA:136,6,0,0
BRDA:136,6,1,0
BRDA:136,7,0,0
BRDA:136,7,1,0
BRDA:158,8,0,0
BRDA:158,8,1,0
BRDA:171,9,0,0
BRDA:171,9,1,0
BRDA:178,10,0,0
BRDA:178,10,1,0
BRDA:190,11,0,0
BRDA:190,11,1,0
BRDA:191,12,0,0
BRDA:191,12,1,0
BRDA:201,13,0,0
BRDA:201,13,1,0
BRDA:205,14,0,0
BRDA:205,14,1,0
BRDA:208,15,0,0
BRDA:208,15,1,0
BRDA:234,16,0,0
BRDA:234,16,1,0
BRDA:238,17,0,0
BRDA:238,17,1,0
BRDA:239,18,0,0
BRDA:239,18,1,0
BRDA:239,18,2,0
BRDA:239,18,3,0
BRDA:239,18,4,0
BRDA:246,19,0,0
BRDA:246,19,1,0
BRDA:247,20,0,0
BRDA:247,20,1,0
BRDA:250,21,0,0
BRDA:250,21,1,0
BRDA:265,22,0,0
BRDA:265,22,1,0
BRDA:284,23,0,0
BRDA:284,23,1,0
BRDA:293,24,0,0
BRDA:293,24,1,0
BRDA:314,25,0,0
BRDA:314,25,1,0
BRDA:315,26,0,0
BRDA:315,26,1,0
BRDA:328,27,0,0
BRDA:328,27,1,0
BRDA:328,28,0,0
BRDA:328,28,1,0
BRDA:343,29,0,0
BRDA:343,29,1,0
BRDA:344,30,0,0
BRDA:344,30,1,0
BRDA:361,31,0,0
BRDA:361,31,1,0
BRDA:371,32,0,0
BRDA:371,32,1,0
BRDA:372,33,0,0
BRDA:372,33,1,0
BRDA:389,34,0,0
BRDA:389,34,1,0
BRDA:390,35,0,0
BRDA:390,35,1,0
BRDA:407,36,0,0
BRDA:407,36,1,0
BRDA:417,37,0,0
BRDA:417,37,1,0
BRDA:417,38,0,0
BRDA:417,38,1,0
BRDA:432,39,0,0
BRDA:432,39,1,0
BRDA:433,40,0,0
BRDA:433,40,1,0
BRDA:450,41,0,0
BRDA:450,41,1,0
BRDA:459,42,0,0
BRDA:459,42,1,0
BRDA:460,43,0,0
BRDA:460,43,1,0
BRDA:460,43,2,0
BRDA:483,44,0,0
BRDA:483,44,1,0
BRDA:496,45,0,0
BRDA:496,45,1,0
BRDA:497,46,0,0
BRDA:497,46,1,0
BRDA:512,47,0,0
BRDA:512,47,1,0
BRDA:537,48,0,0
BRDA:537,48,1,0
BRDA:547,49,0,0
BRDA:547,49,1,0
BRDA:570,50,0,0
BRDA:570,50,1,0
BRDA:570,50,2,0
BRDA:570,50,3,0
BRDA:572,51,0,0
BRDA:572,51,1,0
BRDA:583,52,0,0
BRDA:583,52,1,0
BRDA:584,53,0,0
BRDA:584,53,1,0
BRDA:584,53,2,0
BRDA:584,53,3,0
BRDA:612,54,0,0
BRDA:612,54,1,0
BRDA:613,55,0,0
BRDA:613,55,1,0
BRDA:613,55,2,0
BRDA:613,55,3,0
BRDA:638,56,0,0
BRDA:638,56,1,0
BRDA:639,57,0,0
BRDA:639,57,1,0
BRDA:639,57,2,0
BRDA:639,57,3,0
BRDA:754,58,0,0
BRDA:754,58,1,0
BRDA:755,59,0,0
BRDA:755,59,1,0
BRDA:762,60,0,0
BRDA:762,60,1,0
BRDA:769,61,0,0
BRDA:769,61,1,0
BRDA:779,62,0,0
BRDA:779,62,1,0
BRDA:780,63,0,0
BRDA:780,63,1,0
BRDA:793,64,0,0
BRDA:793,64,1,0
BRDA:817,65,0,0
BRDA:817,65,1,0
BRDA:817,66,0,0
BRDA:817,66,1,0
BRDA:833,67,0,0
BRDA:833,67,1,0
BRDA:858,68,0,0
BRDA:858,68,1,0
BRDA:859,69,0,0
BRDA:859,69,1,0
BRDA:862,70,0,0
BRDA:862,70,1,0
BRDA:889,71,0,0
BRDA:889,71,1,0
BRDA:907,72,0,0
BRDA:907,72,1,0
BRDA:907,73,0,0
BRDA:907,73,1,0
BRDA:922,74,0,0
BRDA:922,74,1,0
BRDA:947,75,0,0
BRDA:947,75,1,0
BRDA:948,76,0,0
BRDA:948,76,1,0
BRDA:951,77,0,0
BRDA:951,77,1,0
BRDA:978,78,0,0
BRDA:978,78,1,0
BRDA:988,79,0,0
BRDA:988,79,1,0
BRDA:989,80,0,0
BRDA:989,80,1,0
BRDA:1009,81,0,0
BRDA:1009,81,1,0
BRDA:1031,82,0,0
BRDA:1031,82,1,0
BRDA:1032,83,0,0
BRDA:1032,83,1,0
BRDA:1039,84,0,0
BRDA:1039,84,1,0
BRDA:1052,85,0,0
BRDA:1052,85,1,0
BRDA:1053,86,0,0
BRDA:1053,86,1,0
BRDA:1070,87,0,0
BRDA:1070,87,1,0
BRDA:1085,88,0,0
BRDA:1085,88,1,0
BRDA:1086,89,0,0
BRDA:1086,89,1,0
BRDA:1089,90,0,0
BRDA:1089,90,1,0
BRDA:1090,91,0,0
BRDA:1090,91,1,0
BRDA:1105,92,0,0
BRDA:1105,92,1,0
BRDA:1118,93,0,0
BRDA:1118,93,1,0
BRDA:1119,94,0,0
BRDA:1119,94,1,0
BRDA:1135,95,0,0
BRDA:1135,95,1,0
BRDA:1142,96,0,0
BRDA:1142,96,1,0
BRDA:1143,97,0,0
BRDA:1143,97,1,0
BRDA:1146,98,0,0
BRDA:1146,98,1,0
BRDA:1147,99,0,0
BRDA:1147,99,1,0
BRDA:1155,100,0,0
BRDA:1155,100,1,0
BRDA:1168,101,0,0
BRDA:1168,101,1,0
BRDA:1170,102,0,0
BRDA:1170,102,1,0
BRDA:1171,103,0,0
BRDA:1171,103,1,0
BRDA:1178,104,0,0
BRDA:1178,104,1,0
BRDA:1186,105,0,0
BRDA:1186,105,1,1
BRDA:1195,106,0,1
BRDA:1195,106,1,0
BRDA:1196,107,0,0
BRDA:1196,107,1,1
BRDA:1226,108,0,0
BRDA:1226,108,1,0
BRDA:1237,109,0,0
BRDA:1237,109,1,0
BRDA:1269,110,0,2
BRDA:1269,110,1,0
BRDA:1269,111,0,2
BRDA:1269,111,1,2
BRDA:1269,111,2,2
BRDA:1283,112,0,2
BRDA:1283,112,1,1
BRDA:1283,112,2,1
BRDA:1283,112,3,0
BRDA:1283,112,4,0
BRDA:1294,113,0,2
BRDA:1294,113,1,1
BRDA:1297,114,0,1
BRDA:1297,114,1,0
BRDA:1311,115,0,1
BRDA:1311,115,1,1
BRDA:1328,116,0,1
BRDA:1328,116,1,1
BRDA:1328,116,2,0
BRDA:1328,116,3,1
BRDA:1341,117,0,0
BRDA:1341,117,1,1
BRDA:1356,118,0,0
BRDA:1356,118,1,1
BRDA:1371,119,0,0
BRDA:1371,119,1,1
BRDA:1386,120,0,0
BRDA:1386,120,1,1
BRDA:1401,121,0,0
BRDA:1401,121,1,1
BRDA:1440,122,0,1
BRDA:1440,122,1,1
BRDA:1440,122,2,0
BRDA:1440,122,3,0
BRDA:1444,123,0,0
BRDA:1444,123,1,0
BRDA:1506,124,0,1
BRDA:1506,124,1,1
BRDA:1523,125,0,1
BRDA:1523,125,1,1
BRDA:1643,126,0,2
BRDA:1643,126,1,2
BRDA:1683,127,0,0
BRDA:1683,127,1,2
BRDA:1693,128,0,0
BRDA:1693,128,1,0
BRDA:1694,129,0,0
BRDA:1694,129,1,0
BRDA:1705,130,0,0
BRDA:1705,130,1,2
BRDA:1730,131,0,2
BRDA:1730,131,1,0
BRDA:1761,132,0,0
BRDA:1761,132,1,0
BRDA:1885,133,0,2
BRDA:1885,133,1,2
BRDA:1916,134,0,0
BRDA:1916,134,1,0
BRDA:1921,135,0,0
BRDA:1921,135,1,0
BRDA:1924,136,0,0
BRDA:1924,136,1,0
BRDA:1927,137,0,0
BRDA:1927,137,1,0
BRDA:1927,137,2,0
BRDA:1931,138,0,0
BRDA:1931,138,1,0
BRDA:1934,139,0,0
BRDA:1934,139,1,0
BRDA:1934,139,2,0
BRDA:1938,140,0,0
BRDA:1938,140,1,0
BRDA:1938,140,2,0
BRDA:1938,140,3,0
BRDA:1938,140,4,0
BRDA:1938,140,5,0
BRDA:1938,140,6,0
BRDA:1960,141,0,0
BRDA:1960,141,1,0
BRDA:1970,142,0,0
BRDA:1970,142,1,0
BRDA:2044,143,0,2
BRDA:2044,143,1,2
BRDA:2044,143,2,0
BRDA:2044,143,3,0
BRDA:2044,143,4,0
BRDA:2051,144,0,0
BRDA:2051,144,1,0
BRDA:2096,145,0,2
BRDA:2096,145,1,2
BRDA:2096,145,2,2
BRDA:2096,145,3,0
BRDA:2096,145,4,0
BRDA:2103,146,0,0
BRDA:2103,146,1,0
BRDA:2148,147,0,2
BRDA:2148,147,1,2
BRDA:2148,147,2,2
BRDA:2148,147,3,0
BRDA:2148,147,4,0
BRDA:2148,147,5,0
BRDA:2156,148,0,0
BRDA:2156,148,1,0
BRDA:2169,149,0,0
BRDA:2169,149,1,0
BRDA:2169,149,2,0
BRDA:2169,149,3,0
BRDA:2169,149,4,0
BRDA:2239,150,0,0
BRDA:2239,150,1,0
BRDA:2265,151,0,2
BRDA:2265,151,1,0
BRDA:2407,152,0,0
BRDA:2407,152,1,0
BRDA:2432,153,0,0
BRDA:2432,153,1,0
BRDA:2437,154,0,0
BRDA:2437,154,1,0
BRDA:2466,155,0,2
BRDA:2466,155,1,0
BRDA:2483,156,0,2
BRDA:2483,156,1,0
BRDA:2497,157,0,2
BRDA:2497,157,1,2
BRF:357
BRH:53
end_of_record
TN:
SF:src/components/collections/views/knowledgeResources/ColumnTwo.js
FN:13,(anonymous_0)
FN:30,(anonymous_1)
FN:36,(anonymous_2)
FN:47,(anonymous_3)
FN:53,(anonymous_4)
FN:55,(anonymous_5)
FN:68,(anonymous_6)
FN:83,(anonymous_7)
FN:127,(anonymous_8)
FN:134,(anonymous_9)
FN:152,(anonymous_10)
FN:169,(anonymous_11)
FN:175,(anonymous_12)
FN:201,(anonymous_13)
FN:206,(anonymous_14)
FN:221,(anonymous_15)
FNF:16
FNH:3
FNDA:1,(anonymous_0)
FNDA:1,(anonymous_1)
FNDA:0,(anonymous_2)
FNDA:0,(anonymous_3)
FNDA:0,(anonymous_4)
FNDA:0,(anonymous_5)
FNDA:0,(anonymous_6)
FNDA:0,(anonymous_7)
FNDA:0,(anonymous_8)
FNDA:0,(anonymous_9)
FNDA:0,(anonymous_10)
FNDA:0,(anonymous_11)
FNDA:1,(anonymous_12)
FNDA:0,(anonymous_13)
FNDA:0,(anonymous_14)
FNDA:0,(anonymous_15)
DA:14,1
DA:15,1
DA:24,1
DA:25,1
DA:26,1
DA:27,1
DA:31,1
DA:32,0
DA:36,1
DA:37,0
DA:41,0
DA:43,0
DA:48,0
DA:53,1
DA:54,0
DA:55,0
DA:56,0
DA:60,0
DA:64,0
DA:68,0
DA:69,0
DA:73,0
DA:77,0
DA:83,1
DA:86,0
DA:87,0
DA:91,0
DA:97,0
DA:99,0
DA:100,0
DA:106,0
DA:107,0
DA:109,0
DA:112,0
DA:113,0
DA:116,0
DA:117,0
DA:118,0
DA:119,0
DA:120,0
DA:122,0
DA:127,1
DA:128,0
DA:129,0
DA:130,0
DA:135,0
DA:141,0
DA:146,0
DA:153,0
DA:154,0
DA:156,0
DA:162,0
DA:165,0
DA:166,0
DA:167,0
DA:169,0
DA:170,0
DA:176,1
DA:202,0
DA:207,0
DA:208,0
DA:222,0
LF:62
LH:12
BRDA:31,0,0,0
BRDA:31,0,1,1
BRDA:54,1,0,0
BRDA:54,1,1,0
BRDA:56,2,0,0
BRDA:56,2,1,0
BRDA:57,3,0,0
BRDA:57,3,1,0
BRDA:64,4,0,0
BRDA:64,4,1,0
BRDA:69,5,0,0
BRDA:69,5,1,0
BRDA:70,6,0,0
BRDA:70,6,1,0
BRDA:77,7,0,0
BRDA:77,7,1,0
BRDA:86,8,0,0
BRDA:86,8,1,0
BRDA:99,9,0,0
BRDA:99,9,1,0
BRDA:106,10,0,0
BRDA:106,10,1,0
BRDA:118,11,0,0
BRDA:118,11,1,0
BRDA:119,12,0,0
BRDA:119,12,1,0
BRDA:141,13,0,0
BRDA:141,13,1,0
BRDA:142,14,0,0
BRDA:142,14,1,0
BRDA:142,14,2,0
BRDA:153,15,0,0
BRDA:153,15,1,0
BRDA:156,16,0,0
BRDA:156,16,1,0
BRDA:157,17,0,0
BRDA:157,17,1,0
BRDA:157,17,2,0
BRDA:166,18,0,0
BRDA:166,18,1,0
BRDA:198,19,0,1
BRDA:198,19,1,0
BRDA:237,20,0,0
BRDA:237,20,1,0
BRDA:237,21,0,0
BRDA:237,21,1,0
BRDA:249,22,0,0
BRDA:249,22,1,0
BRDA:249,22,2,0
BRDA:259,23,0,0
BRDA:259,23,1,0
BRDA:259,23,2,0
BRDA:266,24,0,0
BRDA:266,24,1,0
BRDA:266,24,2,0
BRDA:273,25,0,0
BRDA:273,25,1,0
BRDA:273,25,2,0
BRDA:288,26,0,1
BRDA:288,26,1,1
BRDA:288,26,2,1
BRDA:288,26,3,0
BRDA:288,26,4,0
BRDA:301,27,0,0
BRDA:301,27,1,0
BRDA:301,28,0,0
BRDA:301,28,1,0
BRF:67
BRH:5
end_of_record
TN:
[...]
DA:259,0
DA:260,0
DA:262,0
DA:266,0
DA:267,0
DA:272,0
DA:276,0
DA:280,0
DA:287,0
DA:294,0
DA:295,0
DA:296,0
DA:300,0
DA:304,0
DA:310,0
DA:311,0
DA:312,0
DA:316,0
DA:320,0
DA:324,0
DA:326,0
DA:330,0
DA:334,0
DA:341,0
DA:342,0
DA:343,0
DA:347,0
DA:351,0
DA:357,0
DA:358,0
DA:359,0
DA:363,0
DA:364,0
DA:365,0
DA:367,0
DA:369,0
DA:375,0
DA:376,0
DA:377,0
DA:378,0
DA:379,0
DA:384,0
DA:385,0
DA:386,0
DA:387,0
DA:388,0
DA:389,0
DA:390,0
DA:391,0
DA:392,0
DA:393,0
DA:395,0
DA:397,0
DA:406,0
DA:407,0
DA:408,0
DA:409,0
DA:411,0
DA:417,0
DA:418,0
DA:419,0
DA:420,0
DA:421,0
DA:425,0
DA:432,0
DA:433,0
DA:434,0
DA:439,0
DA:440,0
DA:448,0
DA:451,0
DA:455,0
DA:469,0
DA:481,0
DA:482,0
DA:486,0
DA:488,0
DA:494,0
LF:157
LH:0
BRDA:65,0,0,0
BRDA:65,0,1,0
BRDA:66,1,0,0
BRDA:66,1,1,0
BRDA:66,1,2,0
BRDA:90,2,0,0
BRDA:90,2,1,0
BRDA:90,2,2,0
BRDA:90,2,3,0
BRDA:90,2,4,0
BRDA:105,3,0,0
BRDA:105,3,1,0
BRDA:107,4,0,0
BRDA:107,4,1,0
BRDA:107,5,0,0
BRDA:107,5,1,0
BRDA:108,6,0,0
BRDA:108,6,1,0
BRDA:120,7,0,0
BRDA:120,7,1,0
BRDA:169,8,0,0
BRDA:169,8,1,0
BRDA:176,9,0,0
BRDA:176,9,1,0
BRDA:179,10,0,0
BRDA:179,10,1,0
BRDA:180,11,0,0
BRDA:180,11,1,0
BRDA:196,12,0,0
BRDA:196,12,1,0
BRDA:200,13,0,0
BRDA:200,13,1,0
BRDA:207,14,0,0
BRDA:207,14,1,0
BRDA:208,15,0,0
BRDA:208,15,1,0
BRDA:224,16,0,0
BRDA:224,16,1,0
BRDA:228,17,0,0
BRDA:228,17,1,0
BRDA:262,18,0,0
BRDA:262,18,1,0
BRDA:263,19,0,0
BRDA:263,19,1,0
BRDA:272,20,0,0
BRDA:272,20,1,0
BRDA:273,21,0,0
BRDA:273,21,1,0
BRDA:287,22,0,0
BRDA:287,22,1,0
BRDA:296,23,0,0
BRDA:296,23,1,0
BRDA:297,24,0,0
BRDA:297,24,1,0
BRDA:304,25,0,0
BRDA:304,25,1,0
BRDA:312,26,0,0
BRDA:312,26,1,0
BRDA:313,27,0,0
BRDA:313,27,1,0
BRDA:320,28,0,0
BRDA:320,28,1,0
BRDA:326,29,0,0
BRDA:326,29,1,0
BRDA:327,30,0,0
BRDA:327,30,1,0
BRDA:334,31,0,0
BRDA:334,31,1,0
BRDA:343,32,0,0
BRDA:343,32,1,0
BRDA:344,33,0,0
BRDA:344,33,1,0
BRDA:351,34,0,0
BRDA:351,34,1,0
BRDA:359,35,0,0
BRDA:359,35,1,0
BRDA:360,36,0,0
BRDA:360,36,1,0
BRDA:369,37,0,0
BRDA:369,37,1,0
BRDA:378,38,0,0
BRDA:378,38,1,0
BRDA:387,39,0,0
BRDA:387,39,1,0
BRDA:389,40,0,0
BRDA:389,40,1,0
BRDA:406,41,0,0
BRDA:406,41,1,0
BRDA:406,42,0,0
BRDA:406,42,1,0
BRDA:408,43,0,0
BRDA:408,43,1,0
BRDA:418,44,0,0
BRDA:418,44,1,0
BRDA:420,45,0,0
BRDA:420,45,1,0
BRDA:420,46,0,0
BRDA:420,46,1,0
BRDA:425,47,0,0
BRDA:425,47,1,0
BRDA:433,48,0,0
BRDA:433,48,1,0
BRDA:439,49,0,0
BRDA:439,49,1,0
BRDA:451,50,0,0
BRDA:451,50,1,0
BRDA:452,51,0,0
BRDA:452,51,1,0
BRDA:482,52,0,0
BRDA:482,52,1,0
BRDA:483,53,0,0
BRDA:483,53,1,0
BRDA:488,54,0,0
BRDA:488,54,1,0
BRDA:512,55,0,0
BRDA:512,55,1,0
BRDA:532,56,0,0
BRDA:532,56,1,0
BRF:118
BRH:0
end_of_record
TN:
SF:src/components/review/views/ColumnOne.js
FN:6,(anonymous_0)
FN:10,(anonymous_1)
FN:13,(anonymous_2)
FNF:3
FNH:3
FNDA:1,(anonymous_0)
FNDA:1,(anonymous_1)
FNDA:1,(anonymous_2)
DA:7,1
DA:8,1
DA:14,1
LF:3
LH:3
BRDA:29,0,0,0
BRDA:29,0,1,1
BRDA:29,1,0,1
BRDA:29,1,1,0
BRDA:48,2,0,0
BRDA:48,2,1,1
BRDA:48,3,0,1
BRDA:48,3,1,0
BRDA:67,4,0,0
BRDA:67,4,1,1
BRDA:67,5,0,1
BRDA:67,5,1,0
BRDA:86,6,0,0
BRDA:86,6,1,1
BRDA:86,7,0,1
BRDA:86,7,1,0
BRF:16
BRH:8
end_of_record
TN:
SF:src/components/review/views/ListView.js
FN:8,(anonymous_0)
FN:15,(anonymous_1)
FN:42,(anonymous_2)
FN:65,(anonymous_3)
FN:83,(anonymous_4)
FN:132,(anonymous_5)
FN:150,(anonymous_6)
FN:195,(anonymous_7)
FN:213,(anonymous_8)
FNF:9
FNH:2
FNDA:1,(anonymous_0)
FNDA:1,(anonymous_1)
FNDA:0,(anonymous_2)
FNDA:0,(anonymous_3)
FNDA:0,(anonymous_4)
FNDA:0,(anonymous_5)
FNDA:0,(anonymous_6)
FNDA:0,(anonymous_7)
FNDA:0,(anonymous_8)
DA:9,1
DA:10,1
DA:16,1
DA:43,0
DA:45,0
DA:66,0
DA:84,0
DA:133,0
DA:151,0
DA:196,0
DA:214,0
LF:11
LH:3
BRDA:39,0,0,1
BRDA:39,0,1,0
BRDA:57,1,0,1
BRDA:57,1,1,0
BRDA:64,2,0,1
BRDA:64,2,1,0
BRDA:70,3,0,0
BRDA:70,3,1,0
BRDA:73,4,0,0
BRDA:73,4,1,0
BRDA:75,5,0,0
BRDA:75,5,1,0
BRDA:77,6,0,0
BRDA:77,6,1,0
BRDA:79,7,0,0
BRDA:79,7,1,0
BRDA:90,8,0,0
BRDA:90,8,1,0
BRDA:90,8,2,0
BRDA:90,8,3,0
BRDA:95,9,0,0
BRDA:95,9,1,0
BRDA:95,9,2,0
BRDA:101,10,0,0
BRDA:101,10,1,0
BRDA:101,10,2,0
BRDA:123,11,0,1
BRDA:123,11,1,0
BRDA:131,12,0,1
BRDA:131,12,1,0
BRDA:137,13,0,0
BRDA:137,13,1,0
BRDA:140,14,0,0
BRDA:140,14,1,0
BRDA:142,15,0,0
BRDA:142,15,1,0
BRDA:144,16,0,0
BRDA:144,16,1,0
BRDA:146,17,0,0
BRDA:146,17,1,0
BRDA:157,18,0,0
BRDA:157,18,1,0
BRDA:157,18,2,0
BRDA:157,18,3,0
BRDA:162,19,0,0
BRDA:162,19,1,0
BRDA:162,19,2,0
BRDA:168,20,0,0
BRDA:168,20,1,0
BRDA:168,20,2,0
BRDA:186,21,0,1
BRDA:186,21,1,0
BRDA:194,22,0,1
BRDA:194,22,1,0
BRDA:200,23,0,0
BRDA:200,23,1,0
BRDA:203,24,0,0
BRDA:203,24,1,0
BRDA:205,25,0,0
BRDA:205,25,1,0
BRDA:207,26,0,0
BRDA:207,26,1,0
BRDA:209,27,0,0
BRDA:209,27,1,0
BRDA:220,28,0,0
BRDA:220,28,1,0
BRDA:220,28,2,0
BRDA:220,28,3,0
BRDA:225,29,0,0
BRDA:225,29,1,0
BRDA:225,29,2,0
BRDA:231,30,0,0
BRDA:231,30,1,0
BRDA:231,30,2,0
BRF:74
BRH:7
end_of_record
TN:
SF:src/components/review/views/Preview.js
FN:10,(anonymous_0)
FN:33,(anonymous_1)
FN:37,(anonymous_2)
FN:51,(anonymous_3)
FN:55,(anonymous_4)
FN:59,(anonymous_5)
FN:88,(anonymous_6)
FN:104,(anonymous_7)
FN:122,(anonymous_8)
FN:132,(anonymous_9)
FN:138,(anonymous_10)
FN:143,(anonymous_11)
FN:186,(anonymous_12)
FN:485,(anonymous_13)
FN:490,(anonymous_14)
FN:509,(anonymous_15)
FN:517,(anonymous_16)
FN:523,(anonymous_17)
FN:589,(anonymous_18)
FN:617,(anonymous_19)
FN:633,(anonymous_20)
FN:661,(anonymous_21)
FN:672,(anonymous_22)
FN:692,(anonymous_23)
FN:708,(anonymous_24)
FN:799,(anonymous_25)
FN:823,(anonymous_26)
FN:926,(anonymous_27)
FNF:28
FNH:3
FNDA:1,(anonymous_0)
FNDA:1,(anonymous_1)
FNDA:0,(anonymous_2)
FNDA:0,(anonymous_3)
FNDA:0,(anonymous_4)
FNDA:0,(anonymous_5)
FNDA:0,(anonymous_6)
FNDA:0,(anonymous_7)
FNDA:0,(anonymous_8)
FNDA:0,(anonymous_9)
FNDA:0,(anonymous_10)
FNDA:0,(anonymous_11)
FNDA:1,(anonymous_12)
FNDA:0,(anonymous_13)
FNDA:0,(anonymous_14)
FNDA:0,(anonymous_15)
FNDA:0,(anonymous_16)
FNDA:0,(anonymous_17)
FNDA:0,(anonymous_18)
FNDA:0,(anonymous_19)
FNDA:0,(anonymous_20)
FNDA:0,(anonymous_21)
FNDA:0,(anonymous_22)
FNDA:0,(anonymous_23)
FNDA:0,(anonymous_24)
FNDA:0,(anonymous_25)
FNDA:0,(anonymous_26)
FNDA:0,(anonymous_27)
DA:11,1
DA:12,1
DA:25,1
DA:26,1
DA:27,1
DA:28,1
DA:29,1
DA:30,1
DA:34,1
DA:38,0
DA:39,0
DA:41,0
DA:45,0
DA:52,0
DA:56,0
DA:59,1
DA:60,0
DA:62,0
DA:66,0
DA:68,0
DA:72,0
DA:74,0
DA:78,0
DA:80,0
DA:88,1
DA:89,0
DA:91,0
DA:93,0
DA:95,0
DA:97,0
DA:99,0
DA:104,1
DA:105,0
DA:106,0
DA:107,0
DA:108,0
DA:109,0
DA:111,0
DA:122,1
DA:123,0
DA:124,0
DA:133,0
DA:134,0
DA:138,0
DA:143,1
DA:146,0
DA:147,0
DA:151,0
DA:157,0
DA:159,0
DA:160,0
DA:166,0
DA:167,0
DA:169,0
DA:172,0
DA:173,0
DA:176,0
DA:177,0
DA:178,0
DA:179,0
DA:181,0
DA:187,1
DA:486,0
DA:491,0
DA:494,0
DA:510,0
DA:518,0
DA:524,0
DA:590,0
DA:618,0
DA:634,0
DA:662,0
DA:673,0
DA:678,0
DA:693,0
DA:698,0
DA:709,0
DA:714,0
DA:800,0
DA:824,0
DA:927,0
DA:934,0
LF:82
LH:15
BRDA:38,0,0,0
BRDA:38,0,1,0
BRDA:41,1,0,0
BRDA:41,1,1,0
BRDA:42,2,0,0
BRDA:42,2,1,0
BRDA:60,3,0,0
BRDA:60,3,1,0
BRDA:60,3,2,0
BRDA:60,3,3,0
BRDA:89,4,0,0
BRDA:89,4,1,0
BRDA:89,4,2,0
BRDA:89,4,3,0
BRDA:89,4,4,0
BRDA:107,5,0,0
BRDA:107,5,1,0
BRDA:133,6,0,0
BRDA:133,6,1,0
BRDA:133,7,0,0
BRDA:133,7,1,0
BRDA:146,8,0,0
BRDA:146,8,1,0
BRDA:159,9,0,0
BRDA:159,9,1,0
BRDA:166,10,0,0
BRDA:166,10,1,0
BRDA:177,11,0,0
BRDA:177,11,1,0
BRDA:178,12,0,0
BRDA:178,12,1,0
BRDA:193,13,0,1
BRDA:193,13,1,1
BRDA:193,13,2,1
BRDA:202,14,0,1
BRDA:202,14,1,0
BRDA:209,15,0,1
BRDA:209,15,1,0
BRDA:216,16,0,1
BRDA:216,16,1,0
BRDA:223,17,0,1
BRDA:223,17,1,0
BRDA:234,18,0,1
BRDA:234,18,1,1
BRDA:234,18,2,0
BRDA:285,19,0,0
BRDA:285,19,1,0
BRDA:288,20,0,0
BRDA:288,20,1,0
BRDA:291,21,0,0
BRDA:291,21,1,0
BRDA:294,22,0,0
BRDA:294,22,1,0
BRDA:307,23,0,0
BRDA:307,23,1,0
BRDA:312,24,0,0
BRDA:312,24,1,0
BRDA:312,24,2,0
BRDA:324,25,0,0
BRDA:324,25,1,0
BRDA:331,26,0,0
BRDA:331,26,1,0
BRDA:334,27,0,0
BRDA:334,27,1,0
BRDA:338,28,0,0
BRDA:338,28,1,0
BRDA:347,29,0,0
BRDA:347,29,1,0
BRDA:355,30,0,0
BRDA:355,30,1,0
BRDA:363,31,0,0
BRDA:363,31,1,0
BRDA:381,32,0,0
BRDA:381,32,1,0
BRDA:387,33,0,0
BRDA:387,33,1,0
BRDA:396,34,0,0
BRDA:396,34,1,0
BRDA:404,35,0,0
BRDA:404,35,1,0
BRDA:412,36,0,0
BRDA:412,36,1,0
BRDA:428,37,0,0
BRDA:428,37,1,0
BRDA:428,38,0,0
BRDA:428,38,1,0
BRDA:438,39,0,0
BRDA:438,39,1,0
BRDA:451,40,0,0
BRDA:451,40,1,0
BRDA:482,41,0,0
BRDA:482,41,1,0
BRDA:515,42,0,0
BRDA:515,42,1,0
BRDA:549,43,0,0
BRDA:549,43,1,0
BRDA:549,44,0,0
BRDA:549,44,1,0
BRDA:549,44,2,0
BRDA:562,45,0,0
BRDA:562,45,1,0
BRDA:562,46,0,0
BRDA:562,46,1,0
BRDA:562,46,2,0
BRDA:575,47,0,0
BRDA:575,47,1,0
BRDA:575,48,0,0
BRDA:575,48,1,0
BRDA:575,48,2,0
BRDA:588,49,0,0
BRDA:588,49,1,0
BRDA:611,50,0,0
BRDA:611,50,1,0
BRDA:616,51,0,0
BRDA:616,51,1,0
BRDA:621,52,0,0
BRDA:621,52,1,0
BRDA:623,53,0,0
BRDA:623,53,1,0
BRDA:625,54,0,0
BRDA:625,54,1,0
BRDA:627,55,0,0
BRDA:627,55,1,0
BRDA:655,56,0,0
BRDA:655,56,1,0
BRDA:668,57,0,0
BRDA:668,57,1,0
BRDA:688,58,0,0
BRDA:688,58,1,0
BRDA:704,59,0,0
BRDA:704,59,1,0
BRDA:741,60,0,0
BRDA:741,60,1,0
BRDA:748,61,0,0
BRDA:748,61,1,0
BRDA:753,62,0,0
BRDA:753,62,1,0
BRDA:757,63,0,0
BRDA:757,63,1,0
BRDA:757,63,2,0
BRDA:757,63,3,0
BRDA:770,64,0,0
BRDA:770,64,1,0
BRDA:770,64,2,0
BRDA:770,64,3,0
BRDA:783,65,0,0
BRDA:783,65,1,0
BRDA:783,65,2,0
BRDA:783,65,3,0
BRDA:797,66,0,0
BRDA:797,66,1,0
BRDA:870,67,0,0
BRDA:870,67,1,0
BRDA:895,68,0,0
BRDA:895,68,1,0
BRDA:895,69,0,0
BRDA:895,69,1,0
BRDA:920,70,0,0
BRDA:920,70,1,0
BRF:159
BRH:9
end_of_record
TN:
SF:src/components/user/containers/ReleaseNotesContainer.js
FN:8,(anonymous_0)
FNF:1
FNH:0
FNDA:0,(anonymous_0)
DA:9,0
LF:1
LH:0
BRF:0
BRH:0
end_of_record
TN:
SF:src/components/user/containers/UserGuideContainer.js
FN:8,(anonymous_0)
FNF:1
FNH:0
FNDA:0,(anonymous_0)
DA:9,0
LF:1
LH:0
BRF:0
BRH:0
end_of_record
TN:
SF:src/components/user/containers/WhatsNewContainer.js
FN:8,(anonymous_0)
FNF:1
FNH:0
FNDA:0,(anonymous_0)
DA:9,0
LF:1
LH:0
BRF:0
BRH:0
end_of_record
TN:
SF:src/components/user/views/PrivacyPolicy.js
FN:7,(anonymous_0)
FNF:1
FNH:0
FNDA:0,(anonymous_0)
DA:8,0
LF:1
LH:0
BRF:0
BRH:0
end_of_record
TN:
SF:src/components/user/views/ReleaseNotes.js
FN:9,(anonymous_0)
FNF:1
FNH:0
FNDA:0,(anonymous_0)
DA:10,0
LF:1
LH:0
BRF:0
BRH:0
end_of_record
TN:
SF:src/components/user/views/UserGuide.js
FN:4,(anonymous_0)
FNF:1
FNH:0
FNDA:0,(anonymous_0)
DA:5,0
LF:1
LH:0
BRF:0
BRH:0
end_of_record
TN:
SF:src/components/user/views/UserProfile.js
FN:7,(anonymous_0)
FNF:1
FNH:0
FNDA:0,(anonymous_0)
DA:8,0
LF:1
LH:0
BRF:0
BRH:0
end_of_record
TN:
SF:src/components/user/views/WhatsNewView.js
FN:4,(anonymous_0)
FNF:1
FNH:0
FNDA:0,(anonymous_0)
DA:5,0
LF:1
LH:0
BRF:0
BRH:0
end_of_record
TN:
SF:src/constants/apiConstants.js
FNF:0
FNH:0
DA:1,16
LF:1
LH:1
BRF:0
BRH:0
end_of_record
TN:
SF:src/constants/appConstants.js
FNF:0
FNH:0
DA:1,16
LF:1
LH:1
BRF:0
BRH:0
end_of_record
TN:
SF:src/constants/index.js
FNF:0
FNH:0
LF:0
LH:0
BRF:0
BRH:0
end_of_record
TN:
SF:src/constants/langConstants.js
FNF:0
FNH:0
DA:1,16
LF:1
LH:1
BRF:0
BRH:0
end_of_record
TN:
SF:src/helpers/S3Upload.js
FN:11,(anonymous_0)
FN:21,(anonymous_1)
FN:34,(anonymous_2)
FN:39,(anonymous_3)
FNF:4
FNH:0
FNDA:0,(anonymous_0)
FNDA:0,(anonymous_1)
FNDA:0,(anonymous_2)
FNDA:0,(anonymous_3)
DA:4,2
DA:10,2
DA:12,0
DA:13,0
DA:14,0
DA:21,0
DA:22,0
DA:23,0
DA:24,0
DA:26,0
DA:27,0
DA:30,0
DA:35,0
DA:39,0
DA:40,0
DA:41,0
LF:16
LH:2
BRDA:12,0,0,0
BRDA:12,0,1,0
BRDA:22,1,0,0
BRDA:22,1,1,0
BRDA:40,2,0,0
BRDA:40,2,1,0
BRF:6
BRH:0
end_of_record
TN:
SF:src/helpers/auth.js
FN:2,(anonymous_0)
FN:7,(anonymous_1)
FNF:2
FNH:0
FNDA:0,(anonymous_0)
FNDA:0,(anonymous_1)
DA:1,12
DA:3,0
DA:4,0
DA:9,0
DA:10,0
DA:12,0
DA:14,0
LF:7
LH:1
BRDA:9,0,0,0
BRDA:9,0,1,0
BRF:2
BRH:0
end_of_record
TN:
SF:src/helpers/authHeader.js
FN:3,authHeader
FNF:1
FNH:1
FNDA:1,authHeader
DA:4,1
DA:5,1
DA:6,0
DA:14,1
LF:4
LH:3
BRDA:5,0,0,0
BRDA:5,0,1,1
BRF:2
BRH:1
end_of_record
TN:
SF:src/helpers/authSSO.js
FN:4,authSSO
FNF:1
FNH:0
FNDA:0,authSSO
DA:5,0
DA:6,0
DA:11,0
DA:13,0
DA:14,0
DA:23,0
DA:24,0
DA:34,0
LF:8
LH:0
BRDA:13,0,0,0
BRDA:13,0,1,0
BRDA:13,1,0,0
BRDA:13,1,1,0
BRDA:23,2,0,0
BRDA:23,2,1,0
BRDA:23,3,0,0
BRDA:23,3,1,0
BRF:8
BRH:0
end_of_record
TN:
SF:src/helpers/authSSOLogout.js
FN:3,authSSOLogout
FNF:1
FNH:0
FNDA:0,authSSOLogout
DA:4,0
DA:5,0
DA:6,0
DA:7,0
DA:17,0
LF:5
LH:0
BRDA:6,0,0,0
BRDA:6,0,1,0
BRDA:6,1,0,0
BRDA:6,1,1,0
BRF:4
BRH:0
end_of_record
TN:
SF:src/helpers/notify.js
FN:14,(anonymous_0)
FN:18,(anonymous_1)
FN:22,(anonymous_2)
FN:26,(anonymous_3)
FN:30,(anonymous_4)
FNF:5
FNH:0
FNDA:0,(anonymous_0)
FNDA:0,(anonymous_1)
FNDA:0,(anonymous_2)
FNDA:0,(anonymous_3)
FNDA:0,(anonymous_4)
DA:4,12
DA:15,0
DA:19,0
DA:23,0
DA:27,0
DA:31,0
LF:6
LH:1
BRF:0
BRH:0
end_of_record
TN:
SF:src/helpers/roles.js
FNF:0
FNH:0
DA:3,6
LF:1
LH:1
BRF:0
BRH:0
end_of_record
TN:
SF:src/services/dashboard.service.js
FN:15,getCounts
FN:24,(anonymous_1)
FN:33,getCountsByDept
FN:47,(anonymous_3)
FN:56,getAllDepartments
FN:67,(anonymous_5)
FN:76,searchDepartment
FN:88,(anonymous_7)
FN:97,getCourseDetails
FN:106,(anonymous_9)
FN:115,handleResponse
FNF:11
FNH:0
FNDA:0,getCounts
FNDA:0,(anonymous_1)
FNDA:0,getCountsByDept
FNDA:0,(anonymous_3)
FNDA:0,getAllDepartments
FNDA:0,(anonymous_5)
FNDA:0,searchDepartment
FNDA:0,(anonymous_7)
FNDA:0,getCourseDetails
FNDA:0,(anonymous_9)
FNDA:0,handleResponse
DA:7,6
DA:16,0
DA:22,0
DA:25,0
DA:26,0
DA:28,0
DA:34,0
DA:45,0
DA:48,0
DA:49,0
DA:51,0
DA:57,0
DA:65,0
DA:68,0
DA:69,0
DA:71,0
DA:77,0
DA:86,0
DA:89,0
DA:90,0
DA:92,0
DA:98,0
DA:104,0
DA:107,0
DA:108,0
DA:110,0
DA:116,0
DA:118,0
DA:119,0
DA:121,0
LF:30
LH:1
BRDA:25,0,0,0
BRDA:25,0,1,0
BRDA:48,1,0,0
BRDA:48,1,1,0
BRDA:68,2,0,0
BRDA:68,2,1,0
BRDA:89,3,0,0
BRDA:89,3,1,0
BRDA:107,4,0,0
BRDA:107,4,1,0
BRDA:116,5,0,0
BRDA:116,5,1,0
BRDA:118,6,0,0
BRDA:118,6,1,0
BRDA:118,6,2,0
BRDA:118,6,3,0
BRF:16
BRH:0
end_of_record
TN:
SF:src/services/explore.service.js
FN:13,exploreAllNodes
FN:22,(anonymous_1)
FN:31,exploreAllNodesDept
FN:44,(anonymous_3)
FN:53,searchNodes
FN:65,(anonymous_5)
FN:74,searchNodesDept
FN:88,(anonymous_7)
FN:97,handleResponse
FNF:9
FNH:0
FNDA:0,exploreAllNodes
FNDA:0,(anonymous_1)
FNDA:0,exploreAllNodesDept
FNDA:0,(anonymous_3)
FNDA:0,searchNodes
FNDA:0,(anonymous_5)
FNDA:0,searchNodesDept
FNDA:0,(anonymous_7)
FNDA:0,handleResponse
DA:6,0
DA:14,0
DA:20,0
DA:23,0
DA:24,0
DA:26,0
DA:32,0
DA:42,0
DA:45,0
DA:46,0
DA:48,0
DA:54,0
DA:63,0
DA:66,0
DA:67,0
DA:69,0
DA:75,0
DA:86,0
DA:89,0
DA:90,0
DA:92,0
DA:98,0
DA:100,0
DA:101,0
DA:103,0
LF:25
LH:0
BRDA:23,0,0,0
BRDA:23,0,1,0
BRDA:45,1,0,0
BRDA:45,1,1,0
BRDA:66,2,0,0
BRDA:66,2,1,0
BRDA:89,3,0,0
BRDA:89,3,1,0
BRDA:98,4,0,0
BRDA:98,4,1,0
BRDA:100,5,0,0
BRDA:100,5,1,0
BRDA:100,5,2,0
BRDA:100,5,3,0
BRF:14
BRH:0
end_of_record
TN:
SF:src/services/master.service.js
FN:28,getNodesByTypeAndDept
FN:42,(anonymous_1)
FN:51,getNodesByType
FN:63,(anonymous_3)
FN:72,addDataNode
FN:82,(anonymous_5)
FN:91,addDataNodes
FN:101,(anonymous_7)
FN:110,getDataByNodeId
FN:124,(anonymous_9)
FN:133,mapNodes
FN:143,(anonymous_11)
FN:152,getChildForParent
FN:166,(anonymous_13)
FN:175,searchNodes
FN:185,(anonymous_15)
FN:194,appendMapNodes
FN:204,(anonymous_17)
FN:213,getParentNode
FN:227,(anonymous_19)
FN:236,deleteNode
FN:250,(anonymous_21)
FN:259,getCommentForNode
FN:273,(anonymous_23)
FN:282,postComment
FN:292,(anonymous_25)
FN:301,getRatingForNode
FN:315,(anonymous_27)
FN:324,postRating
FN:334,(anonymous_29)
FN:343,getAverageRating
FN:357,(anonymous_31)
FN:366,getCompetencyAreaListWithDetails
FN:375,(anonymous_33)
FN:384,filterNodes
FN:394,(anonymous_35)
FN:403,getActivityLogs
FN:417,(anonymous_37)
FN:426,handleResponse
FNF:39
FNH:1
FNDA:0,getNodesByTypeAndDept
FNDA:0,(anonymous_1)
FNDA:1,getNodesByType
FNDA:0,(anonymous_3)
FNDA:0,addDataNode
FNDA:0,(anonymous_5)
FNDA:0,addDataNodes
FNDA:0,(anonymous_7)
FNDA:0,getDataByNodeId
FNDA:0,(anonymous_9)
FNDA:0,mapNodes
FNDA:0,(anonymous_11)
FNDA:0,getChildForParent
FNDA:0,(anonymous_13)
FNDA:0,searchNodes
FNDA:0,(anonymous_15)
FNDA:0,appendMapNodes
FNDA:0,(anonymous_17)
FNDA:0,getParentNode
FNDA:0,(anonymous_19)
FNDA:0,deleteNode
FNDA:0,(anonymous_21)
FNDA:0,getCommentForNode
FNDA:0,(anonymous_23)
FNDA:0,postComment
FNDA:0,(anonymous_25)
FNDA:0,getRatingForNode
FNDA:0,(anonymous_27)
FNDA:0,postRating
FNDA:0,(anonymous_29)
FNDA:0,getAverageRating
FNDA:0,(anonymous_31)
FNDA:0,getCompetencyAreaListWithDetails
FNDA:0,(anonymous_33)
FNDA:0,filterNodes
FNDA:0,(anonymous_35)
FNDA:0,getActivityLogs
FNDA:0,(anonymous_37)
FNDA:0,handleResponse
DA:6,10
DA:29,0
DA:40,0
DA:43,0
DA:44,0
DA:46,0
DA:52,1
DA:61,1
DA:64,0
DA:65,0
DA:67,0
DA:73,0
DA:80,0
DA:83,0
DA:84,0
DA:86,0
DA:92,0
DA:99,0
DA:102,0
DA:103,0
DA:105,0
DA:111,0
DA:122,0
DA:125,0
DA:126,0
DA:128,0
DA:134,0
DA:141,0
DA:144,0
DA:145,0
DA:147,0
DA:153,0
DA:164,0
DA:167,0
DA:168,0
DA:170,0
DA:176,0
DA:183,0
DA:186,0
DA:187,0
DA:189,0
DA:195,0
DA:202,0
DA:205,0
DA:206,0
DA:208,0
DA:214,0
DA:225,0
DA:228,0
DA:229,0
DA:231,0
DA:237,0
DA:248,0
DA:251,0
DA:252,0
DA:254,0
DA:260,0
DA:271,0
DA:274,0
DA:275,0
DA:277,0
DA:283,0
DA:290,0
DA:293,0
DA:294,0
DA:296,0
DA:302,0
DA:313,0
DA:316,0
DA:317,0
DA:319,0
DA:325,0
DA:332,0
DA:335,0
DA:336,0
DA:338,0
DA:344,0
DA:355,0
DA:358,0
DA:359,0
DA:361,0
DA:367,0
DA:373,0
DA:376,0
DA:377,0
DA:379,0
DA:385,0
DA:392,0
DA:395,0
DA:396,0
DA:398,0
DA:404,0
DA:415,0
DA:418,0
DA:419,0
DA:421,0
DA:427,0
DA:429,0
DA:430,0
DA:432,0
LF:100
LH:3
BRDA:43,0,0,0
BRDA:43,0,1,0
BRDA:64,1,0,0
BRDA:64,1,1,0
BRDA:83,2,0,0
BRDA:83,2,1,0
BRDA:102,3,0,0
BRDA:102,3,1,0
BRDA:125,4,0,0
BRDA:125,4,1,0
BRDA:144,5,0,0
BRDA:144,5,1,0
BRDA:167,6,0,0
BRDA:167,6,1,0
BRDA:186,7,0,0
BRDA:186,7,1,0
BRDA:205,8,0,0
BRDA:205,8,1,0
BRDA:228,9,0,0
BRDA:228,9,1,0
BRDA:251,10,0,0
BRDA:251,10,1,0
BRDA:274,11,0,0
BRDA:274,11,1,0
BRDA:293,12,0,0
BRDA:293,12,1,0
BRDA:316,13,0,0
BRDA:316,13,1,0
BRDA:335,14,0,0
BRDA:335,14,1,0
BRDA:358,15,0,0
BRDA:358,15,1,0
BRDA:376,16,0,0
BRDA:376,16,1,0
BRDA:395,17,0,0
BRDA:395,17,1,0
BRDA:418,18,0,0
BRDA:418,18,1,0
BRDA:427,19,0,0
BRDA:427,19,1,0
BRDA:429,20,0,0
BRDA:429,20,1,0
BRDA:429,20,2,0
BRDA:429,20,3,0
BRF:44
BRH:0
end_of_record
TN:
SF:src/services/review.service.js
FN:13,getVerificationList
FN:26,(anonymous_1)
FN:35,getVerificationListWoDept
FN:46,(anonymous_3)
FN:55,verifyNode
FN:65,(anonymous_5)
FN:74,getNodeDetailsWithSimilarities
FN:90,(anonymous_7)
FN:99,handleResponse
FNF:9
FNH:0
FNDA:0,getVerificationList
FNDA:0,(anonymous_1)
FNDA:0,getVerificationListWoDept
FNDA:0,(anonymous_3)
FNDA:0,verifyNode
FNDA:0,(anonymous_5)
FNDA:0,getNodeDetailsWithSimilarities
FNDA:0,(anonymous_7)
FNDA:0,handleResponse
DA:6,0
DA:14,0
DA:24,0
DA:27,0
DA:28,0
DA:30,0
DA:36,0
DA:44,0
DA:47,0
DA:48,0
DA:50,0
DA:56,0
DA:63,0
DA:66,0
DA:67,0
DA:69,0
DA:75,0
DA:88,0
DA:91,0
DA:92,0
DA:94,0
DA:100,0
DA:102,0
DA:103,0
DA:105,0
LF:25
LH:0
BRDA:27,0,0,0
BRDA:27,0,1,0
BRDA:47,1,0,0
BRDA:47,1,1,0
BRDA:66,2,0,0
BRDA:66,2,1,0
BRDA:91,3,0,0
BRDA:91,3,1,0
BRDA:100,4,0,0
BRDA:100,4,1,0
BRDA:102,5,0,0
BRDA:102,5,1,0
BRDA:102,5,2,0
BRDA:102,5,3,0
BRF:14
BRH:0
end_of_record
TN:
SF:src/services/user.service.js
FN:18,login
FN:31,(anonymous_1)
FN:40,logout
FN:44,getUserDetails
FN:52,(anonymous_4)
FN:61,getUserDetailsv2
FN:69,(anonymous_6)
FN:78,getRoles
FN:90,(anonymous_8)
FN:99,ssoLogout
FN:107,(anonymous_10)
FN:116,ssoLogoutTwo
FN:124,(anonymous_12)
FN:133,handleResponse
FNF:14
FNH:0
FNDA:0,login
FNDA:0,(anonymous_1)
FNDA:0,logout
FNDA:0,getUserDetails
FNDA:0,(anonymous_4)
FNDA:0,getUserDetailsv2
FNDA:0,(anonymous_6)
FNDA:0,getRoles
FNDA:0,(anonymous_8)
FNDA:0,ssoLogout
FNDA:0,(anonymous_10)
FNDA:0,ssoLogoutTwo
FNDA:0,(anonymous_12)
FNDA:0,handleResponse
DA:8,6
DA:19,0
DA:29,0
DA:32,0
DA:33,0
DA:35,0
DA:41,0
DA:45,0
DA:50,0
DA:53,0
DA:54,0
DA:56,0
DA:62,0
DA:67,0
DA:70,0
DA:71,0
DA:73,0
DA:79,0
DA:88,0
DA:91,0
DA:92,0
DA:94,0
DA:100,0
DA:105,0
DA:108,0
DA:109,0
DA:111,0
DA:117,0
DA:122,0
DA:125,0
DA:126,0
DA:128,0
DA:134,0
DA:135,0
DA:137,0
DA:138,0
DA:140,0
LF:37
LH:1
BRDA:32,0,0,0
BRDA:32,0,1,0
BRDA:53,1,0,0
BRDA:53,1,1,0
BRDA:70,2,0,0
BRDA:70,2,1,0
BRDA:91,3,0,0
BRDA:91,3,1,0
BRDA:108,4,0,0
BRDA:108,4,1,0
BRDA:125,5,0,0
BRDA:125,5,1,0
BRDA:134,6,0,0
BRDA:134,6,1,0
BRDA:137,7,0,0
BRDA:137,7,1,0
BRDA:137,7,2,0
BRDA:137,7,3,0
BRF:18
BRH:0
end_of_record
